0:0:0:0:0:0:0:1 - - [30/Jul/2018:16:21:04 +0900] "GET / HTTP/1.1" 200 3337
0:0:0:0:0:0:0:1 - - [30/Jul/2018:16:21:04 +0900] "GET /photo/pugdispray.jpg HTTP/1.1" 200 29837
0:0:0:0:0:0:0:1 - - [30/Jul/2018:16:21:04 +0900] "GET /photo/accdispray.jpg HTTP/1.1" 200 19993
0:0:0:0:0:0:0:1 - - [30/Jul/2018:16:24:02 +0900] "GET / HTTP/1.1" 200 3337
0:0:0:0:0:0:0:1 - - [30/Jul/2018:16:24:03 +0900] "GET /photo/accdispray.jpg HTTP/1.1" 200 19993
0:0:0:0:0:0:0:1 - - [30/Jul/2018:16:24:03 +0900] "GET /photo/pugdispray.jpg HTTP/1.1" 200 29837
0:0:0:0:0:0:0:1 - - [30/Jul/2018:16:24:30 +0900] "GET /pug/pray HTTP/1.1" 200 897
0:0:0:0:0:0:0:1 - - [30/Jul/2018:16:24:30 +0900] "GET /CSS/pugratataki.css HTTP/1.1" 200 509
0:0:0:0:0:0:0:1 - - [30/Jul/2018:16:24:30 +0900] "GET /JS/pugratataki.js HTTP/1.1" 200 4881
0:0:0:0:0:0:0:1 - - [30/Jul/2018:16:24:30 +0900] "GET /photo/mogura.png HTTP/1.1" 200 57703
0:0:0:0:0:0:0:1 - - [30/Jul/2018:16:24:34 +0900] "GET /photo/goma.JPG HTTP/1.1" 200 78942
0:0:0:0:0:0:0:1 - - [30/Jul/2018:16:24:44 +0900] "POST /addrank HTTP/1.1" 400 166
0:0:0:0:0:0:0:1 - - [30/Jul/2018:16:30:03 +0900] "GET / HTTP/1.1" 200 3337
0:0:0:0:0:0:0:1 - - [30/Jul/2018:16:30:03 +0900] "GET / HTTP/1.1" 200 3337
0:0:0:0:0:0:0:1 - - [30/Jul/2018:16:30:03 +0900] "GET / HTTP/1.1" 200 3337
0:0:0:0:0:0:0:1 - - [30/Jul/2018:16:30:03 +0900] "GET /photo/pugdispray.jpg HTTP/1.1" 200 29837
0:0:0:0:0:0:0:1 - - [30/Jul/2018:16:30:03 +0900] "GET /photo/accdispray.jpg HTTP/1.1" 200 19993
0:0:0:0:0:0:0:1 - - [30/Jul/2018:16:30:06 +0900] "GET / HTTP/1.1" 200 3337
0:0:0:0:0:0:0:1 - - [30/Jul/2018:16:30:06 +0900] "GET /photo/pugdispray.jpg HTTP/1.1" 200 29837
0:0:0:0:0:0:0:1 - - [30/Jul/2018:16:30:06 +0900] "GET /photo/accdispray.jpg HTTP/1.1" 200 19993
0:0:0:0:0:0:0:1 - - [30/Jul/2018:16:30:08 +0900] "GET /pug/pray HTTP/1.1" 200 897
0:0:0:0:0:0:0:1 - - [30/Jul/2018:16:30:08 +0900] "GET /CSS/pugratataki.css HTTP/1.1" 200 509
0:0:0:0:0:0:0:1 - - [30/Jul/2018:16:30:08 +0900] "GET /photo/mogura.png HTTP/1.1" 200 57703
0:0:0:0:0:0:0:1 - - [30/Jul/2018:16:30:08 +0900] "GET /JS/pugratataki.js HTTP/1.1" 200 4881
0:0:0:0:0:0:0:1 - - [30/Jul/2018:16:30:12 +0900] "GET /photo/goma.JPG HTTP/1.1" 200 78942
0:0:0:0:0:0:0:1 - - [30/Jul/2018:16:30:12 +0900] "GET /photo/furenti.png HTTP/1.1" 200 69058
0:0:0:0:0:0:0:1 - - [30/Jul/2018:16:30:31 +0900] "POST /addrank HTTP/1.1" 500 264
0:0:0:0:0:0:0:1 - - [30/Jul/2018:16:36:44 +0900] "GET / HTTP/1.1" 200 3337
0:0:0:0:0:0:0:1 - - [30/Jul/2018:16:36:45 +0900] "GET /photo/accdispray.jpg HTTP/1.1" 200 19993
0:0:0:0:0:0:0:1 - - [30/Jul/2018:16:36:45 +0900] "GET /photo/pugdispray.jpg HTTP/1.1" 200 29837
0:0:0:0:0:0:0:1 - - [30/Jul/2018:16:36:48 +0900] "GET / HTTP/1.1" 200 3337
0:0:0:0:0:0:0:1 - - [30/Jul/2018:16:36:48 +0900] "GET /photo/accdispray.jpg HTTP/1.1" 200 19993
0:0:0:0:0:0:0:1 - - [30/Jul/2018:16:36:48 +0900] "GET /photo/pugdispray.jpg HTTP/1.1" 200 29837
0:0:0:0:0:0:0:1 - - [30/Jul/2018:16:36:52 +0900] "GET /pug/pray HTTP/1.1" 200 897
0:0:0:0:0:0:0:1 - - [30/Jul/2018:16:36:52 +0900] "GET /CSS/pugratataki.css HTTP/1.1" 200 509
0:0:0:0:0:0:0:1 - - [30/Jul/2018:16:36:52 +0900] "GET /photo/mogura.png HTTP/1.1" 200 57703
0:0:0:0:0:0:0:1 - - [30/Jul/2018:16:36:52 +0900] "GET /JS/pugratataki.js HTTP/1.1" 200 4881
0:0:0:0:0:0:0:1 - - [30/Jul/2018:16:36:56 +0900] "GET /photo/goma.JPG HTTP/1.1" 200 78942
0:0:0:0:0:0:0:1 - - [30/Jul/2018:16:36:56 +0900] "GET /photo/furenti.png HTTP/1.1" 200 69058
0:0:0:0:0:0:0:1 - - [30/Jul/2018:16:37:01 +0900] "POST /addrank HTTP/1.1" 400 166
0:0:0:0:0:0:0:1 - - [30/Jul/2018:16:37:46 +0900] "GET /addrank HTTP/1.1" 405 337
0:0:0:0:0:0:0:1 - - [30/Jul/2018:16:42:02 +0900] "GET /pug/pray HTTP/1.1" 200 897
0:0:0:0:0:0:0:1 - - [30/Jul/2018:16:42:03 +0900] "GET /CSS/pugratataki.css HTTP/1.1" 200 509
0:0:0:0:0:0:0:1 - - [30/Jul/2018:16:42:03 +0900] "GET /photo/mogura.png HTTP/1.1" 200 57703
0:0:0:0:0:0:0:1 - - [30/Jul/2018:16:42:03 +0900] "GET /JS/pugratataki.js HTTP/1.1" 200 4881
0:0:0:0:0:0:0:1 - - [30/Jul/2018:16:42:07 +0900] "GET /photo/furenti.png HTTP/1.1" 200 69058
0:0:0:0:0:0:0:1 - - [30/Jul/2018:16:42:12 +0900] "POST /addrank HTTP/1.1" 200 -
0:0:0:0:0:0:0:1 - - [30/Jul/2018:16:42:14 +0900] "GET / HTTP/1.1" 200 3337
0:0:0:0:0:0:0:1 - - [30/Jul/2018:16:42:14 +0900] "GET /photo/accdispray.jpg HTTP/1.1" 200 19993
0:0:0:0:0:0:0:1 - - [30/Jul/2018:16:42:14 +0900] "GET /photo/pugdispray.jpg HTTP/1.1" 200 29837
0:0:0:0:0:0:0:1 - - [30/Jul/2018:16:42:16 +0900] "GET / HTTP/1.1" 200 3337
0:0:0:0:0:0:0:1 - - [30/Jul/2018:16:42:16 +0900] "GET /photo/accdispray.jpg HTTP/1.1" 200 19993
0:0:0:0:0:0:0:1 - - [30/Jul/2018:16:42:16 +0900] "GET /photo/pugdispray.jpg HTTP/1.1" 200 29837
0:0:0:0:0:0:0:1 - - [30/Jul/2018:16:42:18 +0900] "GET /pug/pray HTTP/1.1" 200 897
0:0:0:0:0:0:0:1 - - [30/Jul/2018:16:42:18 +0900] "GET /CSS/pugratataki.css HTTP/1.1" 200 509
0:0:0:0:0:0:0:1 - - [30/Jul/2018:16:42:18 +0900] "GET /photo/mogura.png HTTP/1.1" 200 57703
0:0:0:0:0:0:0:1 - - [30/Jul/2018:16:42:18 +0900] "GET /JS/pugratataki.js HTTP/1.1" 200 4881
0:0:0:0:0:0:0:1 - - [30/Jul/2018:16:42:22 +0900] "GET /photo/goma.JPG HTTP/1.1" 200 78942
0:0:0:0:0:0:0:1 - - [30/Jul/2018:16:42:22 +0900] "GET /photo/furenti.png HTTP/1.1" 200 69058
0:0:0:0:0:0:0:1 - - [30/Jul/2018:16:42:28 +0900] "POST /addrank HTTP/1.1" 200 -
0:0:0:0:0:0:0:1 - - [30/Jul/2018:16:42:58 +0900] "GET /pug/pray HTTP/1.1" 200 897
0:0:0:0:0:0:0:1 - - [30/Jul/2018:16:42:59 +0900] "GET /CSS/pugratataki.css HTTP/1.1" 200 509
0:0:0:0:0:0:0:1 - - [30/Jul/2018:16:42:59 +0900] "GET /photo/mogura.png HTTP/1.1" 200 57703
0:0:0:0:0:0:0:1 - - [30/Jul/2018:16:42:59 +0900] "GET /JS/pugratataki.js HTTP/1.1" 200 4881
0:0:0:0:0:0:0:1 - - [30/Jul/2018:16:43:02 +0900] "GET /photo/furenti.png HTTP/1.1" 200 69058
0:0:0:0:0:0:0:1 - - [30/Jul/2018:16:43:04 +0900] "GET /photo/goma.JPG HTTP/1.1" 200 78942
0:0:0:0:0:0:0:1 - - [30/Jul/2018:16:43:04 +0900] "GET /photo/mogura.png HTTP/1.1" 200 57703
0:0:0:0:0:0:0:1 - - [30/Jul/2018:16:43:12 +0900] "POST /addrank HTTP/1.1" 200 -
0:0:0:0:0:0:0:1 - - [30/Jul/2018:16:46:17 +0900] "GET / HTTP/1.1" 200 3337
0:0:0:0:0:0:0:1 - - [30/Jul/2018:16:46:17 +0900] "GET /photo/accdispray.jpg HTTP/1.1" 200 19993
0:0:0:0:0:0:0:1 - - [30/Jul/2018:16:46:17 +0900] "GET /photo/pugdispray.jpg HTTP/1.1" 200 29837
0:0:0:0:0:0:0:1 - - [30/Jul/2018:16:46:19 +0900] "GET / HTTP/1.1" 200 3337
0:0:0:0:0:0:0:1 - - [30/Jul/2018:16:46:19 +0900] "GET /photo/accdispray.jpg HTTP/1.1" 200 19993
0:0:0:0:0:0:0:1 - - [30/Jul/2018:16:46:19 +0900] "GET /photo/pugdispray.jpg HTTP/1.1" 200 29837
0:0:0:0:0:0:0:1 - - [30/Jul/2018:16:46:39 +0900] "GET /pug/pray HTTP/1.1" 200 897
0:0:0:0:0:0:0:1 - - [30/Jul/2018:16:46:39 +0900] "GET /CSS/pugratataki.css HTTP/1.1" 200 509
0:0:0:0:0:0:0:1 - - [30/Jul/2018:16:46:39 +0900] "GET /JS/pugratataki.js HTTP/1.1" 200 4881
0:0:0:0:0:0:0:1 - - [30/Jul/2018:16:46:39 +0900] "GET /photo/mogura.png HTTP/1.1" 200 57703
0:0:0:0:0:0:0:1 - - [30/Jul/2018:16:46:43 +0900] "GET /photo/goma.JPG HTTP/1.1" 200 78942
0:0:0:0:0:0:0:1 - - [30/Jul/2018:16:46:49 +0900] "POST /addrank HTTP/1.1" 200 -
0:0:0:0:0:0:0:1 - - [30/Jul/2018:17:44:52 +0900] "GET / HTTP/1.1" 200 3337
0:0:0:0:0:0:0:1 - - [30/Jul/2018:17:44:53 +0900] "GET /photo/accdispray.jpg HTTP/1.1" 200 19993
0:0:0:0:0:0:0:1 - - [30/Jul/2018:17:44:53 +0900] "GET /photo/pugdispray.jpg HTTP/1.1" 200 29837
0:0:0:0:0:0:0:1 - - [30/Jul/2018:17:44:53 +0900] "GET /photo/furenti.png HTTP/1.1" 500 8192
0:0:0:0:0:0:0:1 - - [30/Jul/2018:17:44:55 +0900] "GET / HTTP/1.1" 200 3337
0:0:0:0:0:0:0:1 - - [30/Jul/2018:17:44:55 +0900] "GET /photo/accdispray.jpg HTTP/1.1" 200 19993
0:0:0:0:0:0:0:1 - - [30/Jul/2018:17:44:55 +0900] "GET /photo/pugdispray.jpg HTTP/1.1" 200 29837
0:0:0:0:0:0:0:1 - - [30/Jul/2018:17:45:03 +0900] "GET /pug/pray HTTP/1.1" 200 897
0:0:0:0:0:0:0:1 - - [30/Jul/2018:17:45:03 +0900] "GET /CSS/pugratataki.css HTTP/1.1" 200 509
0:0:0:0:0:0:0:1 - - [30/Jul/2018:17:45:03 +0900] "GET /JS/pugratataki.js HTTP/1.1" 200 4875
0:0:0:0:0:0:0:1 - - [30/Jul/2018:17:45:03 +0900] "GET /photo/mogura.png HTTP/1.1" 200 57703
0:0:0:0:0:0:0:1 - - [30/Jul/2018:17:45:16 +0900] "POST /addrank HTTP/1.1" 200 -
0:0:0:0:0:0:0:1 - - [30/Jul/2018:17:45:32 +0900] "GET / HTTP/1.1" 200 3337
0:0:0:0:0:0:0:1 - - [30/Jul/2018:17:45:32 +0900] "GET /photo/accdispray.jpg HTTP/1.1" 200 19993
0:0:0:0:0:0:0:1 - - [30/Jul/2018:17:45:32 +0900] "GET /photo/pugdispray.jpg HTTP/1.1" 200 29837
0:0:0:0:0:0:0:1 - - [30/Jul/2018:17:45:34 +0900] "GET /pug/pray HTTP/1.1" 200 897
0:0:0:0:0:0:0:1 - - [30/Jul/2018:17:45:34 +0900] "GET /CSS/pugratataki.css HTTP/1.1" 200 509
0:0:0:0:0:0:0:1 - - [30/Jul/2018:17:45:34 +0900] "GET /photo/mogura.png HTTP/1.1" 200 57703
0:0:0:0:0:0:0:1 - - [30/Jul/2018:17:45:34 +0900] "GET /JS/pugratataki.js HTTP/1.1" 200 4875
0:0:0:0:0:0:0:1 - - [30/Jul/2018:17:45:43 +0900] "POST /addrank HTTP/1.1" 200 -
0:0:0:0:0:0:0:1 - - [30/Jul/2018:17:45:44 +0900] "GET /pug/pray HTTP/1.1" 200 897
0:0:0:0:0:0:0:1 - - [30/Jul/2018:17:45:44 +0900] "GET /CSS/pugratataki.css HTTP/1.1" 200 509
0:0:0:0:0:0:0:1 - - [30/Jul/2018:17:45:44 +0900] "GET /JS/pugratataki.js HTTP/1.1" 200 4875
0:0:0:0:0:0:0:1 - - [30/Jul/2018:17:45:44 +0900] "GET /photo/mogura.png HTTP/1.1" 200 57703
0:0:0:0:0:0:0:1 - - [30/Jul/2018:17:45:48 +0900] "GET /photo/furenti.png HTTP/1.1" 200 69058
0:0:0:0:0:0:0:1 - - [30/Jul/2018:17:46:24 +0900] "POST /addrank HTTP/1.1" 200 -
0:0:0:0:0:0:0:1 - - [30/Jul/2018:17:46:26 +0900] "GET /pug/pray HTTP/1.1" 200 897
0:0:0:0:0:0:0:1 - - [30/Jul/2018:17:46:26 +0900] "GET /CSS/pugratataki.css HTTP/1.1" 200 509
0:0:0:0:0:0:0:1 - - [30/Jul/2018:17:46:26 +0900] "GET /JS/pugratataki.js HTTP/1.1" 200 4875
0:0:0:0:0:0:0:1 - - [30/Jul/2018:17:46:26 +0900] "GET /photo/mogura.png HTTP/1.1" 200 57703
0:0:0:0:0:0:0:1 - - [30/Jul/2018:18:32:37 +0900] "POST /addrank HTTP/1.1" 415 208
0:0:0:0:0:0:0:1 - - [30/Jul/2018:18:32:37 +0900] "GET / HTTP/1.1" 200 3337
0:0:0:0:0:0:0:1 - - [30/Jul/2018:18:32:37 +0900] "GET / HTTP/1.1" 200 3337
0:0:0:0:0:0:0:1 - - [30/Jul/2018:18:32:43 +0900] "GET /photo/accdispray.jpg HTTP/1.1" 200 19993
0:0:0:0:0:0:0:1 - - [30/Jul/2018:18:32:43 +0900] "GET /photo/pugdispray.jpg HTTP/1.1" 200 29837
0:0:0:0:0:0:0:1 - - [30/Jul/2018:18:32:44 +0900] "GET /pug/pray HTTP/1.1" 200 897
0:0:0:0:0:0:0:1 - - [30/Jul/2018:18:32:44 +0900] "GET /CSS/pugratataki.css HTTP/1.1" 200 509
0:0:0:0:0:0:0:1 - - [30/Jul/2018:18:32:44 +0900] "GET /photo/mogura.png HTTP/1.1" 200 57703
0:0:0:0:0:0:0:1 - - [30/Jul/2018:18:32:45 +0900] "GET /JS/pugratataki.js HTTP/1.1" 200 4956
0:0:0:0:0:0:0:1 - - [30/Jul/2018:18:32:48 +0900] "GET /photo/goma.JPG HTTP/1.1" 200 78942
0:0:0:0:0:0:0:1 - - [30/Jul/2018:18:32:48 +0900] "GET /photo/furenti.png HTTP/1.1" 200 69058
0:0:0:0:0:0:0:1 - - [30/Jul/2018:18:32:55 +0900] "POST /addrank HTTP/1.1" 415 208
0:0:0:0:0:0:0:1 - - [30/Jul/2018:18:33:18 +0900] "GET / HTTP/1.1" 200 3337
0:0:0:0:0:0:0:1 - - [30/Jul/2018:18:33:18 +0900] "GET /photo/accdispray.jpg HTTP/1.1" 200 19993
0:0:0:0:0:0:0:1 - - [30/Jul/2018:18:33:18 +0900] "GET /photo/pugdispray.jpg HTTP/1.1" 200 29837
0:0:0:0:0:0:0:1 - - [30/Jul/2018:18:33:21 +0900] "GET / HTTP/1.1" 200 3337
0:0:0:0:0:0:0:1 - - [30/Jul/2018:18:33:21 +0900] "GET /photo/accdispray.jpg HTTP/1.1" 200 19993
0:0:0:0:0:0:0:1 - - [30/Jul/2018:18:33:21 +0900] "GET /photo/pugdispray.jpg HTTP/1.1" 200 29837
0:0:0:0:0:0:0:1 - - [30/Jul/2018:18:33:23 +0900] "GET /pug/pray HTTP/1.1" 200 897
0:0:0:0:0:0:0:1 - - [30/Jul/2018:18:33:23 +0900] "GET /CSS/pugratataki.css HTTP/1.1" 200 509
0:0:0:0:0:0:0:1 - - [30/Jul/2018:18:33:23 +0900] "GET /JS/pugratataki.js HTTP/1.1" 200 4956
0:0:0:0:0:0:0:1 - - [30/Jul/2018:18:33:23 +0900] "GET /photo/mogura.png HTTP/1.1" 200 57703
0:0:0:0:0:0:0:1 - - [30/Jul/2018:18:33:27 +0900] "GET /photo/goma.JPG HTTP/1.1" 200 78942
0:0:0:0:0:0:0:1 - - [30/Jul/2018:18:33:27 +0900] "GET /photo/furenti.png HTTP/1.1" 200 69058
0:0:0:0:0:0:0:1 - - [30/Jul/2018:18:33:31 +0900] "POST /addrank HTTP/1.1" 415 208
0:0:0:0:0:0:0:1 - - [30/Jul/2018:18:33:38 +0900] "GET /addrank HTTP/1.1" 405 337
0:0:0:0:0:0:0:1 - - [30/Jul/2018:18:35:39 +0900] "GET / HTTP/1.1" 200 3337
0:0:0:0:0:0:0:1 - - [30/Jul/2018:18:35:39 +0900] "GET /photo/pugdispray.jpg HTTP/1.1" 200 29837
0:0:0:0:0:0:0:1 - - [30/Jul/2018:18:35:39 +0900] "GET /photo/accdispray.jpg HTTP/1.1" 200 19993
0:0:0:0:0:0:0:1 - - [30/Jul/2018:18:35:41 +0900] "GET /pug/pray HTTP/1.1" 200 897
0:0:0:0:0:0:0:1 - - [30/Jul/2018:18:35:41 +0900] "GET /CSS/pugratataki.css HTTP/1.1" 200 509
0:0:0:0:0:0:0:1 - - [30/Jul/2018:18:35:41 +0900] "GET /JS/pugratataki.js HTTP/1.1" 200 4939
0:0:0:0:0:0:0:1 - - [30/Jul/2018:18:35:41 +0900] "GET /photo/mogura.png HTTP/1.1" 200 57703
0:0:0:0:0:0:0:1 - - [30/Jul/2018:18:35:45 +0900] "GET /photo/furenti.png HTTP/1.1" 200 69058
0:0:0:0:0:0:0:1 - - [30/Jul/2018:18:35:52 +0900] "POST /addrank HTTP/1.1" 500 596
0:0:0:0:0:0:0:1 - - [30/Jul/2018:18:37:33 +0900] "GET / HTTP/1.1" 200 3337
0:0:0:0:0:0:0:1 - - [30/Jul/2018:18:37:33 +0900] "GET /photo/accdispray.jpg HTTP/1.1" 200 19993
0:0:0:0:0:0:0:1 - - [30/Jul/2018:18:37:33 +0900] "GET /photo/pugdispray.jpg HTTP/1.1" 200 29837
0:0:0:0:0:0:0:1 - - [30/Jul/2018:18:37:36 +0900] "GET / HTTP/1.1" 200 3337
0:0:0:0:0:0:0:1 - - [30/Jul/2018:18:37:36 +0900] "GET /photo/pugdispray.jpg HTTP/1.1" 200 29837
0:0:0:0:0:0:0:1 - - [30/Jul/2018:18:37:36 +0900] "GET /photo/accdispray.jpg HTTP/1.1" 200 19993
0:0:0:0:0:0:0:1 - - [30/Jul/2018:18:37:38 +0900] "GET /pug/pray HTTP/1.1" 200 897
0:0:0:0:0:0:0:1 - - [30/Jul/2018:18:37:39 +0900] "GET /CSS/pugratataki.css HTTP/1.1" 200 509
0:0:0:0:0:0:0:1 - - [30/Jul/2018:18:37:39 +0900] "GET /photo/mogura.png HTTP/1.1" 200 57703
0:0:0:0:0:0:0:1 - - [30/Jul/2018:18:37:39 +0900] "GET /JS/pugratataki.js HTTP/1.1" 200 4939
0:0:0:0:0:0:0:1 - - [30/Jul/2018:18:37:47 +0900] "POST /addrank HTTP/1.1" 400 744
0:0:0:0:0:0:0:1 - - [30/Jul/2018:18:45:39 +0900] "GET /photo/furenti.png HTTP/1.1" 200 69058
0:0:0:0:0:0:0:1 - - [30/Jul/2018:18:45:40 +0900] "GET / HTTP/1.1" 200 3337
0:0:0:0:0:0:0:1 - - [30/Jul/2018:18:45:40 +0900] "GET /photo/accdispray.jpg HTTP/1.1" 200 19993
0:0:0:0:0:0:0:1 - - [30/Jul/2018:18:45:40 +0900] "GET /photo/pugdispray.jpg HTTP/1.1" 200 29837
0:0:0:0:0:0:0:1 - - [30/Jul/2018:18:45:42 +0900] "GET /pug/pray HTTP/1.1" 200 897
0:0:0:0:0:0:0:1 - - [30/Jul/2018:18:45:42 +0900] "GET /CSS/pugratataki.css HTTP/1.1" 200 509
0:0:0:0:0:0:0:1 - - [30/Jul/2018:18:45:42 +0900] "GET /photo/mogura.png HTTP/1.1" 200 57703
0:0:0:0:0:0:0:1 - - [30/Jul/2018:18:45:42 +0900] "GET /JS/pugratataki.js HTTP/1.1" 200 4937
0:0:0:0:0:0:0:1 - - [30/Jul/2018:18:45:46 +0900] "GET /photo/goma.JPG HTTP/1.1" 200 78942
0:0:0:0:0:0:0:1 - - [30/Jul/2018:18:45:46 +0900] "GET /photo/furenti.png HTTP/1.1" 200 69058
0:0:0:0:0:0:0:1 - - [30/Jul/2018:18:45:52 +0900] "POST /addrank HTTP/1.1" 400 740
0:0:0:0:0:0:0:1 - - [30/Jul/2018:18:47:35 +0900] "GET / HTTP/1.1" 200 3337
0:0:0:0:0:0:0:1 - - [30/Jul/2018:18:47:35 +0900] "GET /photo/accdispray.jpg HTTP/1.1" 200 19993
0:0:0:0:0:0:0:1 - - [30/Jul/2018:18:47:35 +0900] "GET /photo/pugdispray.jpg HTTP/1.1" 200 29837
0:0:0:0:0:0:0:1 - - [30/Jul/2018:18:47:37 +0900] "GET /pug/pray HTTP/1.1" 200 897
0:0:0:0:0:0:0:1 - - [30/Jul/2018:18:47:37 +0900] "GET /CSS/pugratataki.css HTTP/1.1" 200 509
0:0:0:0:0:0:0:1 - - [30/Jul/2018:18:47:37 +0900] "GET /JS/pugratataki.js HTTP/1.1" 200 4951
0:0:0:0:0:0:0:1 - - [30/Jul/2018:18:47:37 +0900] "GET /photo/mogura.png HTTP/1.1" 200 57703
0:0:0:0:0:0:0:1 - - [30/Jul/2018:18:47:40 +0900] "GET /photo/goma.JPG HTTP/1.1" 200 78942
0:0:0:0:0:0:0:1 - - [30/Jul/2018:18:47:41 +0900] "GET /photo/furenti.png HTTP/1.1" 200 69058
0:0:0:0:0:0:0:1 - - [30/Jul/2018:18:47:45 +0900] "POST /addrank HTTP/1.1" 400 768
0:0:0:0:0:0:0:1 - - [30/Jul/2018:18:59:01 +0900] "GET / HTTP/1.1" 200 3337
0:0:0:0:0:0:0:1 - - [30/Jul/2018:18:59:01 +0900] "GET / HTTP/1.1" 200 3337
0:0:0:0:0:0:0:1 - - [30/Jul/2018:18:59:01 +0900] "GET / HTTP/1.1" 200 3337
0:0:0:0:0:0:0:1 - - [30/Jul/2018:18:59:01 +0900] "GET /photo/pugdispray.jpg HTTP/1.1" 200 29837
0:0:0:0:0:0:0:1 - - [30/Jul/2018:18:59:01 +0900] "GET /photo/accdispray.jpg HTTP/1.1" 200 19993
0:0:0:0:0:0:0:1 - - [30/Jul/2018:18:59:03 +0900] "GET /pug/pray HTTP/1.1" 200 897
0:0:0:0:0:0:0:1 - - [30/Jul/2018:18:59:03 +0900] "GET /CSS/pugratataki.css HTTP/1.1" 200 509
0:0:0:0:0:0:0:1 - - [30/Jul/2018:18:59:03 +0900] "GET /JS/pugratataki.js HTTP/1.1" 200 4934
0:0:0:0:0:0:0:1 - - [30/Jul/2018:18:59:03 +0900] "GET /photo/mogura.png HTTP/1.1" 200 57703
0:0:0:0:0:0:0:1 - - [30/Jul/2018:18:59:07 +0900] "GET /photo/furenti.png HTTP/1.1" 200 69058
0:0:0:0:0:0:0:1 - - [30/Jul/2018:18:59:14 +0900] "POST /addrank HTTP/1.1" 200 101
