0:0:0:0:0:0:0:1 - - [02/Aug/2018:13:08:30 +0900] "GET / HTTP/1.1" 200 3365
0:0:0:0:0:0:0:1 - - [02/Aug/2018:13:08:30 +0900] "GET /photo/pugdispray.jpg HTTP/1.1" 304 -
0:0:0:0:0:0:0:1 - - [02/Aug/2018:13:08:30 +0900] "GET /photo/accdispray.jpg HTTP/1.1" 304 -
0:0:0:0:0:0:0:1 - - [02/Aug/2018:13:08:33 +0900] "GET /acc/play HTTP/1.1" 200 546
0:0:0:0:0:0:0:1 - - [02/Aug/2018:13:08:33 +0900] "GET /JS/acc.js HTTP/1.1" 200 10818
0:0:0:0:0:0:0:1 - - [02/Aug/2018:13:08:33 +0900] "GET /CSS/acc.css HTTP/1.1" 404 143
0:0:0:0:0:0:0:1 - - [02/Aug/2018:13:08:37 +0900] "GET /ranking/acc? HTTP/1.1" 200 2068
0:0:0:0:0:0:0:1 - - [02/Aug/2018:13:08:41 +0900] "GET /ranking/pug? HTTP/1.1" 500 565
0:0:0:0:0:0:0:1 - - [02/Aug/2018:13:12:32 +0900] "GET / HTTP/1.1" 200 3365
0:0:0:0:0:0:0:1 - - [02/Aug/2018:13:12:32 +0900] "GET /favicon.ico HTTP/1.1" 200 946
0:0:0:0:0:0:0:1 - - [02/Aug/2018:13:12:34 +0900] "GET /acc/play HTTP/1.1" 200 546
0:0:0:0:0:0:0:1 - - [02/Aug/2018:13:12:34 +0900] "GET /CSS/acc.css HTTP/1.1" 404 143
0:0:0:0:0:0:0:1 - - [02/Aug/2018:13:12:38 +0900] "GET /ranking/acc? HTTP/1.1" 200 2068
0:0:0:0:0:0:0:1 - - [02/Aug/2018:13:12:42 +0900] "GET /ranking/pug? HTTP/1.1" 500 599
0:0:0:0:0:0:0:1 - - [02/Aug/2018:13:26:55 +0900] "GET / HTTP/1.1" 500 525
0:0:0:0:0:0:0:1 - - [02/Aug/2018:13:26:55 +0900] "GET /favicon.ico HTTP/1.1" 200 946
0:0:0:0:0:0:0:1 - - [02/Aug/2018:13:27:03 +0900] "GET / HTTP/1.1" 500 525
0:0:0:0:0:0:0:1 - - [02/Aug/2018:13:28:50 +0900] "GET / HTTP/1.1" 200 3365
0:0:0:0:0:0:0:1 - - [02/Aug/2018:13:28:50 +0900] "GET /favicon.ico HTTP/1.1" 200 946
0:0:0:0:0:0:0:1 - - [02/Aug/2018:13:28:52 +0900] "GET /ranking/acc? HTTP/1.1" 200 2068
0:0:0:0:0:0:0:1 - - [02/Aug/2018:13:28:56 +0900] "GET /ranking/pug? HTTP/1.1" 500 618
0:0:0:0:0:0:0:1 - - [02/Aug/2018:13:32:35 +0900] "GET / HTTP/1.1" 200 3365
0:0:0:0:0:0:0:1 - - [02/Aug/2018:13:32:35 +0900] "GET /favicon.ico HTTP/1.1" 200 946
0:0:0:0:0:0:0:1 - - [02/Aug/2018:13:32:37 +0900] "GET /ranking/acc? HTTP/1.1" 200 2068
0:0:0:0:0:0:0:1 - - [02/Aug/2018:13:32:41 +0900] "GET /ranking/pug? HTTP/1.1" 500 559
0:0:0:0:0:0:0:1 - - [02/Aug/2018:13:38:55 +0900] "GET / HTTP/1.1" 200 3365
0:0:0:0:0:0:0:1 - - [02/Aug/2018:13:38:55 +0900] "GET /favicon.ico HTTP/1.1" 200 946
0:0:0:0:0:0:0:1 - - [02/Aug/2018:13:38:57 +0900] "GET /ranking/pug? HTTP/1.1" 500 597
0:0:0:0:0:0:0:1 - - [02/Aug/2018:13:40:07 +0900] "GET / HTTP/1.1" 200 3365
0:0:0:0:0:0:0:1 - - [02/Aug/2018:13:40:08 +0900] "GET /favicon.ico HTTP/1.1" 200 946
0:0:0:0:0:0:0:1 - - [02/Aug/2018:13:40:09 +0900] "GET /ranking/pug? HTTP/1.1" 500 423
0:0:0:0:0:0:0:1 - - [02/Aug/2018:13:41:19 +0900] "GET /ranking/pug? HTTP/1.1" 500 427
0:0:0:0:0:0:0:1 - - [02/Aug/2018:13:41:19 +0900] "GET /favicon.ico HTTP/1.1" 200 946
0:0:0:0:0:0:0:1 - - [02/Aug/2018:13:45:39 +0900] "GET /ranking/pug? HTTP/1.1" 500 596
0:0:0:0:0:0:0:1 - - [02/Aug/2018:13:45:39 +0900] "GET /favicon.ico HTTP/1.1" 200 946
0:0:0:0:0:0:0:1 - - [02/Aug/2018:13:47:16 +0900] "GET /ranking/pug? HTTP/1.1" 500 596
0:0:0:0:0:0:0:1 - - [02/Aug/2018:13:47:16 +0900] "GET /favicon.ico HTTP/1.1" 200 946
0:0:0:0:0:0:0:1 - - [02/Aug/2018:13:47:17 +0900] "GET /ranking/pug? HTTP/1.1" 500 596
0:0:0:0:0:0:0:1 - - [02/Aug/2018:13:47:17 +0900] "GET /favicon.ico HTTP/1.1" 200 946
0:0:0:0:0:0:0:1 - - [02/Aug/2018:13:47:19 +0900] "GET /ranking/pug? HTTP/1.1" 500 596
0:0:0:0:0:0:0:1 - - [02/Aug/2018:13:47:19 +0900] "GET /favicon.ico HTTP/1.1" 200 946
0:0:0:0:0:0:0:1 - - [02/Aug/2018:13:47:57 +0900] "GET /ranking/pug? HTTP/1.1" 500 596
0:0:0:0:0:0:0:1 - - [02/Aug/2018:13:47:57 +0900] "GET /favicon.ico HTTP/1.1" 200 946
0:0:0:0:0:0:0:1 - - [02/Aug/2018:14:15:04 +0900] "GET /ranking/pug? HTTP/1.1" 500 417
0:0:0:0:0:0:0:1 - - [02/Aug/2018:14:15:04 +0900] "GET /favicon.ico HTTP/1.1" 200 946
0:0:0:0:0:0:0:1 - - [02/Aug/2018:14:15:38 +0900] "GET /ranking/pug? HTTP/1.1" 500 417
0:0:0:0:0:0:0:1 - - [02/Aug/2018:14:15:38 +0900] "GET /favicon.ico HTTP/1.1" 200 946
0:0:0:0:0:0:0:1 - - [02/Aug/2018:14:16:13 +0900] "GET /ranking/pug? HTTP/1.1" 200 3674
0:0:0:0:0:0:0:1 - - [02/Aug/2018:14:16:13 +0900] "GET /favicon.ico HTTP/1.1" 200 946
0:0:0:0:0:0:0:1 - - [02/Aug/2018:14:20:51 +0900] "GET /ranking/pug? HTTP/1.1" 200 3705
0:0:0:0:0:0:0:1 - - [02/Aug/2018:14:20:51 +0900] "GET /favicon.ico HTTP/1.1" 200 946
0:0:0:0:0:0:0:1 - - [02/Aug/2018:14:30:28 +0900] "GET /ranking/pug? HTTP/1.1" 200 3773
0:0:0:0:0:0:0:1 - - [02/Aug/2018:14:30:28 +0900] "GET /ranking/CSS/game_ranking.css HTTP/1.1" 404 160
0:0:0:0:0:0:0:1 - - [02/Aug/2018:14:31:55 +0900] "GET /ranking/pug? HTTP/1.1" 200 3773
0:0:0:0:0:0:0:1 - - [02/Aug/2018:14:31:55 +0900] "GET /ranking/CSS/game_ranking.css HTTP/1.1" 404 160
0:0:0:0:0:0:0:1 - - [02/Aug/2018:14:31:59 +0900] "GET /ranking/pug? HTTP/1.1" 200 3773
0:0:0:0:0:0:0:1 - - [02/Aug/2018:14:31:59 +0900] "GET /ranking/CSS/game_ranking.css HTTP/1.1" 404 160
0:0:0:0:0:0:0:1 - - [02/Aug/2018:14:33:48 +0900] "GET /ranking/pug? HTTP/1.1" 200 3774
0:0:0:0:0:0:0:1 - - [02/Aug/2018:14:33:48 +0900] "GET /CSS/game_ranking.css HTTP/1.1" 200 106
0:0:0:0:0:0:0:1 - - [02/Aug/2018:14:36:47 +0900] "GET /ranking/pug? HTTP/1.1" 200 3774
0:0:0:0:0:0:0:1 - - [02/Aug/2018:14:36:47 +0900] "GET /CSS/game_ranking.css HTTP/1.1" 200 163
0:0:0:0:0:0:0:1 - - [02/Aug/2018:14:37:51 +0900] "GET /ranking/pug? HTTP/1.1" 200 3774
0:0:0:0:0:0:0:1 - - [02/Aug/2018:14:37:51 +0900] "GET /CSS/game_ranking.css HTTP/1.1" 200 165
0:0:0:0:0:0:0:1 - - [02/Aug/2018:14:44:50 +0900] "GET / HTTP/1.1" 200 3365
0:0:0:0:0:0:0:1 - - [02/Aug/2018:14:44:50 +0900] "GET /photo/pugdispray.jpg HTTP/1.1" 200 29837
0:0:0:0:0:0:0:1 - - [02/Aug/2018:14:44:50 +0900] "GET /photo/accdispray.jpg HTTP/1.1" 200 19993
0:0:0:0:0:0:0:1 - - [02/Aug/2018:16:45:23 +0900] "GET / HTTP/1.1" 200 3365
0:0:0:0:0:0:0:1 - - [02/Aug/2018:16:45:27 +0900] "GET /ranking/pug? HTTP/1.1" 500 382
0:0:0:0:0:0:0:1 - - [02/Aug/2018:16:47:31 +0900] "GET /ranking/pug? HTTP/1.1" 200 3774
0:0:0:0:0:0:0:1 - - [02/Aug/2018:16:47:31 +0900] "GET /CSS/game_ranking.css HTTP/1.1" 200 165
0:0:0:0:0:0:0:1 - - [02/Aug/2018:16:47:32 +0900] "GET /favicon.ico HTTP/1.1" 200 946
0:0:0:0:0:0:0:1 - - [02/Aug/2018:16:49:07 +0900] "GET /ranking/pug? HTTP/1.1" 200 3774
0:0:0:0:0:0:0:1 - - [02/Aug/2018:16:49:07 +0900] "GET /CSS/game_ranking.css HTTP/1.1" 200 165
0:0:0:0:0:0:0:1 - - [02/Aug/2018:16:49:11 +0900] "GET / HTTP/1.1" 200 3365
0:0:0:0:0:0:0:1 - - [02/Aug/2018:16:49:11 +0900] "GET /photo/pugdispray.jpg HTTP/1.1" 200 29837
0:0:0:0:0:0:0:1 - - [02/Aug/2018:16:49:11 +0900] "GET /photo/accdispray.jpg HTTP/1.1" 200 19993
0:0:0:0:0:0:0:1 - - [02/Aug/2018:16:53:03 +0900] "GET /ranking/acc? HTTP/1.1" 500 428
127.0.0.1 - - [02/Aug/2018:16:53:37 +0900] "GET / HTTP/1.1" 200 3365
127.0.0.1 - - [02/Aug/2018:16:53:37 +0900] "GET /photo/pugdispray.jpg HTTP/1.1" 200 29837
0:0:0:0:0:0:0:1 - - [02/Aug/2018:16:53:37 +0900] "GET /photo/accdispray.jpg HTTP/1.1" 200 19993
127.0.0.1 - - [02/Aug/2018:16:53:40 +0900] "GET / HTTP/1.1" 200 3365
127.0.0.1 - - [02/Aug/2018:16:53:42 +0900] "GET /ranking/acc? HTTP/1.1" 500 428
0:0:0:0:0:0:0:1 - - [02/Aug/2018:17:02:41 +0900] "GET /ranking/acc? HTTP/1.1" 200 2276
0:0:0:0:0:0:0:1 - - [02/Aug/2018:17:02:41 +0900] "GET /CSS/game_ranking.css HTTP/1.1" 304 -
