0:0:0:0:0:0:0:1 - - [01/Aug/2018:15:41:47 +0900] "GET / HTTP/1.1" 200 3365
0:0:0:0:0:0:0:1 - - [01/Aug/2018:15:41:47 +0900] "GET /photo/pugdispray.jpg HTTP/1.1" 304 -
0:0:0:0:0:0:0:1 - - [01/Aug/2018:15:41:47 +0900] "GET /photo/accdispray.jpg HTTP/1.1" 304 -
0:0:0:0:0:0:0:1 - - [01/Aug/2018:15:41:52 +0900] "GET /ranking/acc? HTTP/1.1" 200 2068
0:0:0:0:0:0:0:1 - - [01/Aug/2018:15:46:07 +0900] "GET /ranking/acc? HTTP/1.1" 200 2068
0:0:0:0:0:0:0:1 - - [01/Aug/2018:15:46:07 +0900] "GET /favicon.ico HTTP/1.1" 200 946
0:0:0:0:0:0:0:1 - - [01/Aug/2018:15:48:15 +0900] "GET / HTTP/1.1" 200 3365
0:0:0:0:0:0:0:1 - - [01/Aug/2018:15:48:16 +0900] "GET /ranking/pug? HTTP/1.1" 500 1120
0:0:0:0:0:0:0:1 - - [01/Aug/2018:15:48:20 +0900] "GET /ranking/acc? HTTP/1.1" 200 2068
0:0:0:0:0:0:0:1 - - [01/Aug/2018:15:48:23 +0900] "GET /ranking/pug? HTTP/1.1" 500 1120
0:0:0:0:0:0:0:1 - - [01/Aug/2018:15:49:32 +0900] "GET /ranking/pug? HTTP/1.1" 500 1120
0:0:0:0:0:0:0:1 - - [01/Aug/2018:15:49:32 +0900] "GET /favicon.ico HTTP/1.1" 200 946
0:0:0:0:0:0:0:1 - - [01/Aug/2018:15:50:27 +0900] "GET /ranking/pug? HTTP/1.1" 500 490
0:0:0:0:0:0:0:1 - - [01/Aug/2018:15:50:27 +0900] "GET /favicon.ico HTTP/1.1" 200 946
0:0:0:0:0:0:0:1 - - [01/Aug/2018:15:54:12 +0900] "GET /ranking/pug? HTTP/1.1" 500 577
0:0:0:0:0:0:0:1 - - [01/Aug/2018:15:54:12 +0900] "GET /favicon.ico HTTP/1.1" 200 946
0:0:0:0:0:0:0:1 - - [01/Aug/2018:15:59:42 +0900] "GET /ranking/pug? HTTP/1.1" 500 577
0:0:0:0:0:0:0:1 - - [01/Aug/2018:15:59:42 +0900] "GET /favicon.ico HTTP/1.1" 200 946
0:0:0:0:0:0:0:1 - - [01/Aug/2018:16:00:52 +0900] "GET /ranking/pug? HTTP/1.1" 500 577
0:0:0:0:0:0:0:1 - - [01/Aug/2018:16:00:52 +0900] "GET /favicon.ico HTTP/1.1" 200 946
0:0:0:0:0:0:0:1 - - [01/Aug/2018:16:00:53 +0900] "GET /ranking/pug? HTTP/1.1" 500 577
0:0:0:0:0:0:0:1 - - [01/Aug/2018:16:00:53 +0900] "GET /favicon.ico HTTP/1.1" 200 946
0:0:0:0:0:0:0:1 - - [01/Aug/2018:16:06:21 +0900] "GET /ranking/pug? HTTP/1.1" 500 577
0:0:0:0:0:0:0:1 - - [01/Aug/2018:16:06:22 +0900] "GET /favicon.ico HTTP/1.1" 200 946
0:0:0:0:0:0:0:1 - - [01/Aug/2018:16:10:23 +0900] "GET /ranking/pug? HTTP/1.1" 500 472
0:0:0:0:0:0:0:1 - - [01/Aug/2018:16:10:23 +0900] "GET /favicon.ico HTTP/1.1" 200 946
0:0:0:0:0:0:0:1 - - [01/Aug/2018:16:12:16 +0900] "GET /ranking/pug? HTTP/1.1" 500 613
0:0:0:0:0:0:0:1 - - [01/Aug/2018:16:12:16 +0900] "GET /favicon.ico HTTP/1.1" 200 946
0:0:0:0:0:0:0:1 - - [01/Aug/2018:16:13:35 +0900] "GET /ranking/pug? HTTP/1.1" 500 430
0:0:0:0:0:0:0:1 - - [01/Aug/2018:16:13:35 +0900] "GET /favicon.ico HTTP/1.1" 200 946
0:0:0:0:0:0:0:1 - - [01/Aug/2018:16:19:11 +0900] "GET /ranking/pug? HTTP/1.1" 500 577
0:0:0:0:0:0:0:1 - - [01/Aug/2018:16:19:11 +0900] "GET /favicon.ico HTTP/1.1" 200 946
0:0:0:0:0:0:0:1 - - [01/Aug/2018:16:28:56 +0900] "GET /ranking/pug? HTTP/1.1" 500 430
0:0:0:0:0:0:0:1 - - [01/Aug/2018:16:28:56 +0900] "GET /favicon.ico HTTP/1.1" 200 946
0:0:0:0:0:0:0:1 - - [01/Aug/2018:16:35:00 +0900] "GET /ranking/pug? HTTP/1.1" 500 421
0:0:0:0:0:0:0:1 - - [01/Aug/2018:16:35:00 +0900] "GET /favicon.ico HTTP/1.1" 200 946
0:0:0:0:0:0:0:1 - - [01/Aug/2018:16:37:45 +0900] "GET /ranking/pug? HTTP/1.1" 500 424
0:0:0:0:0:0:0:1 - - [01/Aug/2018:16:37:45 +0900] "GET /favicon.ico HTTP/1.1" 200 946
0:0:0:0:0:0:0:1 - - [01/Aug/2018:16:39:12 +0900] "GET /ranking/pug? HTTP/1.1" 500 424
0:0:0:0:0:0:0:1 - - [01/Aug/2018:16:39:12 +0900] "GET /favicon.ico HTTP/1.1" 200 946
0:0:0:0:0:0:0:1 - - [01/Aug/2018:16:40:47 +0900] "GET /ranking/pug? HTTP/1.1" 500 423
0:0:0:0:0:0:0:1 - - [01/Aug/2018:16:40:47 +0900] "GET /favicon.ico HTTP/1.1" 200 946
0:0:0:0:0:0:0:1 - - [01/Aug/2018:16:42:08 +0900] "GET /ranking/pug? HTTP/1.1" 500 423
0:0:0:0:0:0:0:1 - - [01/Aug/2018:16:42:08 +0900] "GET /favicon.ico HTTP/1.1" 200 946
0:0:0:0:0:0:0:1 - - [01/Aug/2018:16:42:44 +0900] "GET /ranking/pug? HTTP/1.1" 500 577
0:0:0:0:0:0:0:1 - - [01/Aug/2018:16:42:44 +0900] "GET /favicon.ico HTTP/1.1" 200 946
0:0:0:0:0:0:0:1 - - [01/Aug/2018:16:49:59 +0900] "GET / HTTP/1.1" 200 3365
0:0:0:0:0:0:0:1 - - [01/Aug/2018:16:50:04 +0900] "GET /ranking/acc? HTTP/1.1" 200 2068
0:0:0:0:0:0:0:1 - - [01/Aug/2018:16:50:07 +0900] "GET /ranking/pug? HTTP/1.1" 500 565
0:0:0:0:0:0:0:1 - - [01/Aug/2018:16:51:41 +0900] "GET /ranking/pug? HTTP/1.1" 500 565
0:0:0:0:0:0:0:1 - - [01/Aug/2018:16:51:42 +0900] "GET /favicon.ico HTTP/1.1" 200 946
0:0:0:0:0:0:0:1 - - [01/Aug/2018:16:51:43 +0900] "GET /ranking/pug? HTTP/1.1" 500 565
0:0:0:0:0:0:0:1 - - [01/Aug/2018:16:51:44 +0900] "GET /favicon.ico HTTP/1.1" 200 946
