0:0:0:0:0:0:0:1 - - [31/Jul/2018:11:07:03 +0900] "GET / HTTP/1.1" 200 3337
0:0:0:0:0:0:0:1 - - [31/Jul/2018:11:07:03 +0900] "GET /photo/accdispray.jpg HTTP/1.1" 200 19993
0:0:0:0:0:0:0:1 - - [31/Jul/2018:11:07:03 +0900] "GET /photo/pugdispray.jpg HTTP/1.1" 200 29837
0:0:0:0:0:0:0:1 - - [31/Jul/2018:11:07:04 +0900] "GET /favicon.ico HTTP/1.1" 200 946
0:0:0:0:0:0:0:1 - - [31/Jul/2018:11:07:05 +0900] "GET /pug/play HTTP/1.1" 200 897
0:0:0:0:0:0:0:1 - - [31/Jul/2018:11:07:05 +0900] "GET /JS/pugratataki.js HTTP/1.1" 200 4934
0:0:0:0:0:0:0:1 - - [31/Jul/2018:11:07:05 +0900] "GET /photo/mogura.png HTTP/1.1" 200 57703
0:0:0:0:0:0:0:1 - - [31/Jul/2018:11:07:05 +0900] "GET /CSS/pugratataki.css HTTP/1.1" 200 509
0:0:0:0:0:0:0:1 - - [31/Jul/2018:11:07:09 +0900] "GET /photo/furenti.png HTTP/1.1" 200 69058
0:0:0:0:0:0:0:1 - - [31/Jul/2018:11:07:14 +0900] "POST /addrank HTTP/1.1" 200 95
0:0:0:0:0:0:0:1 - - [31/Jul/2018:11:09:19 +0900] "GET / HTTP/1.1" 200 3337
0:0:0:0:0:0:0:1 - - [31/Jul/2018:11:09:20 +0900] "GET /pug/play HTTP/1.1" 200 897
0:0:0:0:0:0:0:1 - - [31/Jul/2018:11:09:21 +0900] "GET /JS/pugratataki.js HTTP/1.1" 304 -
0:0:0:0:0:0:0:1 - - [31/Jul/2018:11:09:34 +0900] "POST /addrank HTTP/1.1" 200 95
0:0:0:0:0:0:0:1 - - [31/Jul/2018:11:09:48 +0900] "GET /pug/play HTTP/1.1" 200 897
0:0:0:0:0:0:0:1 - - [31/Jul/2018:11:09:55 +0900] "POST /addrank HTTP/1.1" 200 88
0:0:0:0:0:0:0:1 - - [31/Jul/2018:11:12:36 +0900] "GET / HTTP/1.1" 200 3337
0:0:0:0:0:0:0:1 - - [31/Jul/2018:11:46:01 +0900] "GET / HTTP/1.1" 200 3337
0:0:0:0:0:0:0:1 - - [31/Jul/2018:11:46:01 +0900] "GET /favicon.ico HTTP/1.1" 200 946
0:0:0:0:0:0:0:1 - - [31/Jul/2018:11:46:04 +0900] "GET /pug/play HTTP/1.1" 200 897
0:0:0:0:0:0:0:1 - - [31/Jul/2018:11:46:04 +0900] "GET /JS/pugratataki.js HTTP/1.1" 304 -
0:0:0:0:0:0:0:1 - - [31/Jul/2018:11:46:12 +0900] "POST /addrank HTTP/1.1" 500 1105
0:0:0:0:0:0:0:1 - - [31/Jul/2018:11:54:01 +0900] "GET / HTTP/1.1" 200 3337
0:0:0:0:0:0:0:1 - - [31/Jul/2018:11:54:02 +0900] "GET /pug/play HTTP/1.1" 200 897
0:0:0:0:0:0:0:1 - - [31/Jul/2018:11:54:02 +0900] "GET /JS/pugratataki.js HTTP/1.1" 200 4945
0:0:0:0:0:0:0:1 - - [31/Jul/2018:11:54:10 +0900] "POST /addrank HTTP/1.1" 500 788
0:0:0:0:0:0:0:1 - - [31/Jul/2018:11:55:31 +0900] "GET /pug/play HTTP/1.1" 200 897
0:0:0:0:0:0:0:1 - - [31/Jul/2018:11:55:31 +0900] "GET /JS/pugratataki.js HTTP/1.1" 304 -
0:0:0:0:0:0:0:1 - - [31/Jul/2018:11:55:40 +0900] "POST /addrank HTTP/1.1" 500 844
0:0:0:0:0:0:0:1 - - [31/Jul/2018:11:56:24 +0900] "GET /pug/play HTTP/1.1" 200 897
0:0:0:0:0:0:0:1 - - [31/Jul/2018:11:56:24 +0900] "GET /JS/pugratataki.js HTTP/1.1" 304 -
0:0:0:0:0:0:0:1 - - [31/Jul/2018:11:56:32 +0900] "POST /addrank HTTP/1.1" 200 101
0:0:0:0:0:0:0:1 - - [31/Jul/2018:11:56:54 +0900] "GET /pug/play HTTP/1.1" 200 897
0:0:0:0:0:0:0:1 - - [31/Jul/2018:11:56:54 +0900] "GET /JS/pugratataki.js HTTP/1.1" 304 -
0:0:0:0:0:0:0:1 - - [31/Jul/2018:11:56:58 +0900] "GET /photo/goma.JPG HTTP/1.1" 200 78942
0:0:0:0:0:0:0:1 - - [31/Jul/2018:11:57:02 +0900] "POST /addrank HTTP/1.1" 200 101
0:0:0:0:0:0:0:1 - - [31/Jul/2018:12:00:14 +0900] "GET / HTTP/1.1" 200 3337
0:0:0:0:0:0:0:1 - - [31/Jul/2018:13:44:27 +0900] "GET / HTTP/1.1" 200 3337
0:0:0:0:0:0:0:1 - - [31/Jul/2018:13:44:27 +0900] "GET /favicon.ico HTTP/1.1" 200 946
0:0:0:0:0:0:0:1 - - [31/Jul/2018:13:44:29 +0900] "GET /ranking/pug? HTTP/1.1" 400 465
0:0:0:0:0:0:0:1 - - [31/Jul/2018:13:48:28 +0900] "GET / HTTP/1.1" 200 3337
0:0:0:0:0:0:0:1 - - [31/Jul/2018:13:50:46 +0900] "GET /ranking/pug? HTTP/1.1" 500 383
0:0:0:0:0:0:0:1 - - [31/Jul/2018:13:50:46 +0900] "GET /favicon.ico HTTP/1.1" 200 946
0:0:0:0:0:0:0:1 - - [31/Jul/2018:13:50:56 +0900] "GET /pug/play HTTP/1.1" 200 897
0:0:0:0:0:0:0:1 - - [31/Jul/2018:13:50:56 +0900] "GET /photo/mogura.png HTTP/1.1" 304 -
0:0:0:0:0:0:0:1 - - [31/Jul/2018:13:50:56 +0900] "GET /JS/pugratataki.js HTTP/1.1" 304 -
0:0:0:0:0:0:0:1 - - [31/Jul/2018:13:50:56 +0900] "GET /CSS/pugratataki.css HTTP/1.1" 200 543
0:0:0:0:0:0:0:1 - - [31/Jul/2018:13:51:01 +0900] "GET /ranking/pug? HTTP/1.1" 500 383
0:0:0:0:0:0:0:1 - - [31/Jul/2018:13:53:11 +0900] "GET / HTTP/1.1" 200 3333
0:0:0:0:0:0:0:1 - - [31/Jul/2018:13:53:13 +0900] "GET /ranking/1? HTTP/1.1" 500 380
0:0:0:0:0:0:0:1 - - [31/Jul/2018:13:56:08 +0900] "GET / HTTP/1.1" 200 3333
0:0:0:0:0:0:0:1 - - [31/Jul/2018:13:56:11 +0900] "GET /ranking/1? HTTP/1.1" 500 383
0:0:0:0:0:0:0:1 - - [31/Jul/2018:13:58:28 +0900] "GET / HTTP/1.1" 200 3333
0:0:0:0:0:0:0:1 - - [31/Jul/2018:13:58:31 +0900] "GET /ranking/1? HTTP/1.1" 500 528
0:0:0:0:0:0:0:1 - - [31/Jul/2018:13:59:45 +0900] "GET / HTTP/1.1" 200 3333
0:0:0:0:0:0:0:1 - - [31/Jul/2018:13:59:47 +0900] "GET /ranking/1? HTTP/1.1" 200 12
127.0.0.1 - - [31/Jul/2018:14:01:25 +0900] "GET / HTTP/1.1" 200 3333
127.0.0.1 - - [31/Jul/2018:14:01:33 +0900] "GET /ranking/1? HTTP/1.1" 500 426
0:0:0:0:0:0:0:1 - - [31/Jul/2018:14:02:13 +0900] "GET /ranking/1? HTTP/1.1" 200 1940
0:0:0:0:0:0:0:1 - - [31/Jul/2018:14:03:48 +0900] "GET /ranking/1? HTTP/1.1" 200 1940
0:0:0:0:0:0:0:1 - - [31/Jul/2018:14:03:49 +0900] "GET /favicon.ico HTTP/1.1" 200 946
0:0:0:0:0:0:0:1 - - [31/Jul/2018:14:03:53 +0900] "GET /ranking/1? HTTP/1.1" 200 1940
0:0:0:0:0:0:0:1 - - [31/Jul/2018:14:03:53 +0900] "GET /favicon.ico HTTP/1.1" 200 946
0:0:0:0:0:0:0:1 - - [31/Jul/2018:14:04:46 +0900] "GET /ranking/1? HTTP/1.1" 200 1940
0:0:0:0:0:0:0:1 - - [31/Jul/2018:14:04:46 +0900] "GET /favicon.ico HTTP/1.1" 200 946
0:0:0:0:0:0:0:1 - - [31/Jul/2018:14:18:56 +0900] "GET /ranking/1? HTTP/1.1" 500 527
0:0:0:0:0:0:0:1 - - [31/Jul/2018:14:18:56 +0900] "GET /favicon.ico HTTP/1.1" 200 946
0:0:0:0:0:0:0:1 - - [31/Jul/2018:14:19:02 +0900] "GET /ranking/pug HTTP/1.1" 500 331
0:0:0:0:0:0:0:1 - - [31/Jul/2018:14:19:12 +0900] "GET / HTTP/1.1" 200 3337
0:0:0:0:0:0:0:1 - - [31/Jul/2018:14:19:14 +0900] "GET /ranking/pug? HTTP/1.1" 500 331
0:0:0:0:0:0:0:1 - - [31/Jul/2018:14:26:00 +0900] "GET /ranking/pug? HTTP/1.1" 500 331
0:0:0:0:0:0:0:1 - - [31/Jul/2018:14:27:52 +0900] "GET /ranking/pug? HTTP/1.1" 500 527
0:0:0:0:0:0:0:1 - - [31/Jul/2018:14:33:34 +0900] "GET /ranking/pug? HTTP/1.1" 500 662
0:0:0:0:0:0:0:1 - - [31/Jul/2018:14:35:18 +0900] "GET /ranking/pug? HTTP/1.1" 200 1940
0:0:0:0:0:0:0:1 - - [31/Jul/2018:14:35:18 +0900] "GET /favicon.ico HTTP/1.1" 200 946
0:0:0:0:0:0:0:1 - - [31/Jul/2018:14:35:50 +0900] "GET /pug/play HTTP/1.1" 200 897
0:0:0:0:0:0:0:1 - - [31/Jul/2018:14:35:50 +0900] "GET /JS/pugratataki.js HTTP/1.1" 304 -
0:0:0:0:0:0:0:1 - - [31/Jul/2018:14:35:50 +0900] "GET /CSS/pugratataki.css HTTP/1.1" 304 -
0:0:0:0:0:0:0:1 - - [31/Jul/2018:14:35:54 +0900] "GET /photo/furenti.png HTTP/1.1" 304 -
0:0:0:0:0:0:0:1 - - [31/Jul/2018:14:36:01 +0900] "POST /addrank HTTP/1.1" 200 106
0:0:0:0:0:0:0:1 - - [31/Jul/2018:14:36:04 +0900] "GET / HTTP/1.1" 200 3337
0:0:0:0:0:0:0:1 - - [31/Jul/2018:14:36:06 +0900] "GET /ranking/pug? HTTP/1.1" 200 2041
0:0:0:0:0:0:0:1 - - [31/Jul/2018:14:39:40 +0900] "GET /ranking/pug? HTTP/1.1" 200 2132
0:0:0:0:0:0:0:1 - - [31/Jul/2018:14:39:40 +0900] "GET /favicon.ico HTTP/1.1" 200 946
0:0:0:0:0:0:0:1 - - [31/Jul/2018:14:39:48 +0900] "GET /ranking/pug?%E8%A1%A8%E7%A4%BA=%E9%80%81%E4%BF%A1 HTTP/1.1" 200 2132
0:0:0:0:0:0:0:1 - - [31/Jul/2018:14:41:06 +0900] "GET /ranking/pug? HTTP/1.1" 200 2156
0:0:0:0:0:0:0:1 - - [31/Jul/2018:14:41:09 +0900] "GET /ranking/pug?%E8%A1%A8%E7%A4%BA=%E9%80%81%E4%BF%A1 HTTP/1.1" 200 2156
0:0:0:0:0:0:0:1 - - [31/Jul/2018:14:41:09 +0900] "GET /ranking/pug?%E8%A1%A8%E7%A4%BA=%E9%80%81%E4%BF%A1 HTTP/1.1" 200 2156
0:0:0:0:0:0:0:1 - - [31/Jul/2018:14:41:13 +0900] "GET /ranking/pug?%E8%A1%A8%E7%A4%BA=%E9%80%81%E4%BF%A1 HTTP/1.1" 200 2156
0:0:0:0:0:0:0:1 - - [31/Jul/2018:14:41:14 +0900] "GET /ranking/pug?%E8%A1%A8%E7%A4%BA=%E9%80%81%E4%BF%A1 HTTP/1.1" 200 2156
0:0:0:0:0:0:0:1 - - [31/Jul/2018:14:45:18 +0900] "GET /ranking/pug? HTTP/1.1" 500 426
0:0:0:0:0:0:0:1 - - [31/Jul/2018:14:46:49 +0900] "GET /ranking/pug? HTTP/1.1" 200 2161
0:0:0:0:0:0:0:1 - - [31/Jul/2018:14:51:19 +0900] "GET / HTTP/1.1" 200 3337
0:0:0:0:0:0:0:1 - - [31/Jul/2018:14:51:24 +0900] "GET /acc/play HTTP/1.1" 404 306
0:0:0:0:0:0:0:1 - - [31/Jul/2018:14:54:12 +0900] "GET /acc/play HTTP/1.1" 200 599
0:0:0:0:0:0:0:1 - - [31/Jul/2018:14:54:12 +0900] "GET /acc/jquery.js HTTP/1.1" 404 145
0:0:0:0:0:0:0:1 - - [31/Jul/2018:14:54:12 +0900] "GET /acc/acc.css HTTP/1.1" 404 143
0:0:0:0:0:0:0:1 - - [31/Jul/2018:14:54:12 +0900] "GET /acc/acc.js HTTP/1.1" 404 142
0:0:0:0:0:0:0:1 - - [31/Jul/2018:14:54:12 +0900] "GET /acc/jquery.js HTTP/1.1" 404 145
0:0:0:0:0:0:0:1 - - [31/Jul/2018:14:54:20 +0900] "GET /acc/acc.css HTTP/1.1" 404 143
0:0:0:0:0:0:0:1 - - [31/Jul/2018:14:54:27 +0900] "GET /acc/play HTTP/1.1" 200 599
0:0:0:0:0:0:0:1 - - [31/Jul/2018:14:54:27 +0900] "GET /acc/acc.js HTTP/1.1" 404 142
0:0:0:0:0:0:0:1 - - [31/Jul/2018:14:54:27 +0900] "GET /acc/acc.css HTTP/1.1" 404 143
0:0:0:0:0:0:0:1 - - [31/Jul/2018:14:54:27 +0900] "GET /acc/jquery.js HTTP/1.1" 404 145
127.0.0.1 - - [31/Jul/2018:14:54:54 +0900] "GET /acc/play HTTP/1.1" 200 599
0:0:0:0:0:0:0:1 - - [31/Jul/2018:14:54:54 +0900] "GET /acc/jquery.js HTTP/1.1" 404 145
127.0.0.1 - - [31/Jul/2018:14:54:54 +0900] "GET /acc/acc.css HTTP/1.1" 404 143
0:0:0:0:0:0:0:1 - - [31/Jul/2018:14:54:54 +0900] "GET /acc/acc.js HTTP/1.1" 404 142
0:0:0:0:0:0:0:1 - - [31/Jul/2018:14:54:58 +0900] "GET / HTTP/1.1" 200 3337
0:0:0:0:0:0:0:1 - - [31/Jul/2018:14:55:01 +0900] "GET /pug/play HTTP/1.1" 500 435
127.0.0.1 - - [31/Jul/2018:14:55:23 +0900] "GET /acc/play HTTP/1.1" 200 599
127.0.0.1 - - [31/Jul/2018:14:55:23 +0900] "GET /acc/acc.css HTTP/1.1" 404 143
0:0:0:0:0:0:0:1 - - [31/Jul/2018:14:55:23 +0900] "GET /acc/acc.js HTTP/1.1" 404 142
0:0:0:0:0:0:0:1 - - [31/Jul/2018:14:55:23 +0900] "GET /acc/jquery.js HTTP/1.1" 404 145
127.0.0.1 - - [31/Jul/2018:14:55:28 +0900] "GET /pug/play HTTP/1.1" 500 435
0:0:0:0:0:0:0:1 - - [31/Jul/2018:14:56:23 +0900] "GET /pug/play HTTP/1.1" 200 897
0:0:0:0:0:0:0:1 - - [31/Jul/2018:14:56:23 +0900] "GET /JS/pugratataki.js HTTP/1.1" 304 -
0:0:0:0:0:0:0:1 - - [31/Jul/2018:14:56:29 +0900] "GET /acc/play HTTP/1.1" 200 599
0:0:0:0:0:0:0:1 - - [31/Jul/2018:14:56:29 +0900] "GET /acc/acc.js HTTP/1.1" 404 142
0:0:0:0:0:0:0:1 - - [31/Jul/2018:14:56:29 +0900] "GET /acc/acc.css HTTP/1.1" 404 143
0:0:0:0:0:0:0:1 - - [31/Jul/2018:14:56:29 +0900] "GET /acc/jquery.js HTTP/1.1" 404 145
0:0:0:0:0:0:0:1 - - [31/Jul/2018:15:02:10 +0900] "GET /ranking/pug? HTTP/1.1" 200 2161
0:0:0:0:0:0:0:1 - - [31/Jul/2018:15:03:39 +0900] "GET /ranking/pug? HTTP/1.1" 200 2060
0:0:0:0:0:0:0:1 - - [31/Jul/2018:15:03:40 +0900] "GET /favicon.ico HTTP/1.1" 200 946
0:0:0:0:0:0:0:1 - - [31/Jul/2018:15:05:14 +0900] "GET /ranking/pug? HTTP/1.1" 200 2060
0:0:0:0:0:0:0:1 - - [31/Jul/2018:15:05:15 +0900] "GET /favicon.ico HTTP/1.1" 200 946
0:0:0:0:0:0:0:1 - - [31/Jul/2018:15:05:19 +0900] "GET / HTTP/1.1" 200 3337
0:0:0:0:0:0:0:1 - - [31/Jul/2018:15:05:21 +0900] "GET /pug/play HTTP/1.1" 200 897
0:0:0:0:0:0:0:1 - - [31/Jul/2018:15:05:21 +0900] "GET /CSS/pugratataki.css HTTP/1.1" 304 -
0:0:0:0:0:0:0:1 - - [31/Jul/2018:15:05:37 +0900] "POST /addrank HTTP/1.1" 200 106
0:0:0:0:0:0:0:1 - - [31/Jul/2018:15:05:40 +0900] "GET / HTTP/1.1" 200 3337
0:0:0:0:0:0:0:1 - - [31/Jul/2018:15:05:43 +0900] "GET /ranking/pug? HTTP/1.1" 200 2060
127.0.0.1 - - [31/Jul/2018:15:07:20 +0900] "GET / HTTP/1.1" 200 3337
127.0.0.1 - - [31/Jul/2018:15:07:27 +0900] "GET /pug/play HTTP/1.1" 200 897
127.0.0.1 - - [31/Jul/2018:15:07:38 +0900] "POST /addrank HTTP/1.1" 200 106
127.0.0.1 - - [31/Jul/2018:15:07:42 +0900] "GET / HTTP/1.1" 200 3337
127.0.0.1 - - [31/Jul/2018:15:07:44 +0900] "GET /ranking/pug? HTTP/1.1" 200 2060
0:0:0:0:0:0:0:1 - - [31/Jul/2018:15:10:02 +0900] "GET / HTTP/1.1" 200 3337
0:0:0:0:0:0:0:1 - - [31/Jul/2018:15:10:05 +0900] "GET /pug/play HTTP/1.1" 200 897
0:0:0:0:0:0:0:1 - - [31/Jul/2018:15:10:21 +0900] "POST /addrank HTTP/1.1" 200 106
0:0:0:0:0:0:0:1 - - [31/Jul/2018:15:10:59 +0900] "GET /pug/play HTTP/1.1" 200 897
0:0:0:0:0:0:0:1 - - [31/Jul/2018:15:10:59 +0900] "GET /favicon.ico HTTP/1.1" 200 946
0:0:0:0:0:0:0:1 - - [31/Jul/2018:15:11:06 +0900] "POST /addrank HTTP/1.1" 200 106
0:0:0:0:0:0:0:1 - - [31/Jul/2018:15:12:10 +0900] "GET /pug/play HTTP/1.1" 200 897
0:0:0:0:0:0:0:1 - - [31/Jul/2018:15:12:11 +0900] "GET /favicon.ico HTTP/1.1" 200 946
0:0:0:0:0:0:0:1 - - [31/Jul/2018:15:12:20 +0900] "POST /addrank HTTP/1.1" 200 106
0:0:0:0:0:0:0:1 - - [31/Jul/2018:15:17:56 +0900] "GET /pug/play HTTP/1.1" 200 897
0:0:0:0:0:0:0:1 - - [31/Jul/2018:15:17:56 +0900] "GET /JS/pugratataki.js HTTP/1.1" 200 4952
0:0:0:0:0:0:0:1 - - [31/Jul/2018:15:17:56 +0900] "GET /favicon.ico HTTP/1.1" 200 946
0:0:0:0:0:0:0:1 - - [31/Jul/2018:15:18:03 +0900] "POST /addrank HTTP/1.1" 200 106
0:0:0:0:0:0:0:1 - - [31/Jul/2018:15:19:57 +0900] "GET /pug/play HTTP/1.1" 200 897
0:0:0:0:0:0:0:1 - - [31/Jul/2018:15:19:57 +0900] "GET /JS/pugratataki.js HTTP/1.1" 200 4952
0:0:0:0:0:0:0:1 - - [31/Jul/2018:15:19:57 +0900] "GET /favicon.ico HTTP/1.1" 200 946
0:0:0:0:0:0:0:1 - - [31/Jul/2018:15:20:04 +0900] "POST /addrank HTTP/1.1" 200 107
0:0:0:0:0:0:0:1 - - [31/Jul/2018:15:20:11 +0900] "GET /pug/play HTTP/1.1" 200 897
0:0:0:0:0:0:0:1 - - [31/Jul/2018:15:20:11 +0900] "GET /JS/pugratataki.js HTTP/1.1" 304 -
0:0:0:0:0:0:0:1 - - [31/Jul/2018:15:20:15 +0900] "GET / HTTP/1.1" 200 3337
0:0:0:0:0:0:0:1 - - [31/Jul/2018:15:20:16 +0900] "POST /addrank HTTP/1.1" 200 92
0:0:0:0:0:0:0:1 - - [31/Jul/2018:15:20:17 +0900] "GET /pug/play HTTP/1.1" 200 897
0:0:0:0:0:0:0:1 - - [31/Jul/2018:15:20:17 +0900] "GET /JS/pugratataki.js HTTP/1.1" 304 -
0:0:0:0:0:0:0:1 - - [31/Jul/2018:15:20:21 +0900] "GET /ranking/pug? HTTP/1.1" 200 2247
0:0:0:0:0:0:0:1 - - [31/Jul/2018:15:21:51 +0900] "GET /ranking/pug? HTTP/1.1" 200 2247
0:0:0:0:0:0:0:1 - - [31/Jul/2018:15:21:53 +0900] "GET /pug/play HTTP/1.1" 200 897
0:0:0:0:0:0:0:1 - - [31/Jul/2018:15:21:53 +0900] "GET /JS/pugratataki.js HTTP/1.1" 200 4986
0:0:0:0:0:0:0:1 - - [31/Jul/2018:15:21:57 +0900] "GET /photo/goma.JPG HTTP/1.1" 304 -
0:0:0:0:0:0:0:1 - - [31/Jul/2018:15:22:03 +0900] "POST /addrank HTTP/1.1" 200 107
0:0:0:0:0:0:0:1 - - [31/Jul/2018:15:22:07 +0900] "GET / HTTP/1.1" 200 3337
0:0:0:0:0:0:0:1 - - [31/Jul/2018:15:22:09 +0900] "GET /ranking/pug? HTTP/1.1" 200 2348
0:0:0:0:0:0:0:1 - - [31/Jul/2018:15:28:19 +0900] "GET /ranking/pug? HTTP/1.1" 200 2622
0:0:0:0:0:0:0:1 - - [31/Jul/2018:15:28:19 +0900] "GET /favicon.ico HTTP/1.1" 200 946
0:0:0:0:0:0:0:1 - - [31/Jul/2018:15:28:21 +0900] "GET / HTTP/1.1" 200 3337
0:0:0:0:0:0:0:1 - - [31/Jul/2018:15:28:22 +0900] "GET /ranking/pug? HTTP/1.1" 200 2622
0:0:0:0:0:0:0:1 - - [31/Jul/2018:15:29:31 +0900] "GET /ranking/pug? HTTP/1.1" 200 2641
0:0:0:0:0:0:0:1 - - [31/Jul/2018:15:29:31 +0900] "GET /favicon.ico HTTP/1.1" 200 946
0:0:0:0:0:0:0:1 - - [31/Jul/2018:15:29:33 +0900] "GET /ranking/pug? HTTP/1.1" 200 2641
0:0:0:0:0:0:0:1 - - [31/Jul/2018:15:29:33 +0900] "GET /favicon.ico HTTP/1.1" 200 946
0:0:0:0:0:0:0:1 - - [31/Jul/2018:15:30:59 +0900] "GET /ranking/pug? HTTP/1.1" 200 2622
0:0:0:0:0:0:0:1 - - [31/Jul/2018:15:31:00 +0900] "GET /favicon.ico HTTP/1.1" 200 946
0:0:0:0:0:0:0:1 - - [31/Jul/2018:15:39:30 +0900] "GET /ranking/pug? HTTP/1.1" 200 2622
0:0:0:0:0:0:0:1 - - [31/Jul/2018:15:39:30 +0900] "GET /favicon.ico HTTP/1.1" 200 946
0:0:0:0:0:0:0:1 - - [31/Jul/2018:15:40:08 +0900] "GET /ranking/pug? HTTP/1.1" 200 2617
0:0:0:0:0:0:0:1 - - [31/Jul/2018:15:40:09 +0900] "GET /favicon.ico HTTP/1.1" 200 946
0:0:0:0:0:0:0:1 - - [31/Jul/2018:15:41:01 +0900] "GET /ranking/pug? HTTP/1.1" 200 2617
0:0:0:0:0:0:0:1 - - [31/Jul/2018:15:41:01 +0900] "GET /favicon.ico HTTP/1.1" 200 946
0:0:0:0:0:0:0:1 - - [31/Jul/2018:15:42:03 +0900] "GET /ranking/pug? HTTP/1.1" 200 2628
0:0:0:0:0:0:0:1 - - [31/Jul/2018:15:42:04 +0900] "GET /favicon.ico HTTP/1.1" 200 946
0:0:0:0:0:0:0:1 - - [31/Jul/2018:15:45:31 +0900] "GET /ranking/pug? HTTP/1.1" 200 2628
0:0:0:0:0:0:0:1 - - [31/Jul/2018:16:29:40 +0900] "GET / HTTP/1.1" 200 3337
0:0:0:0:0:0:0:1 - - [31/Jul/2018:16:29:41 +0900] "GET /photo/accdispray.jpg HTTP/1.1" 200 19993
0:0:0:0:0:0:0:1 - - [31/Jul/2018:16:29:41 +0900] "GET /photo/pugdispray.jpg HTTP/1.1" 200 29837
0:0:0:0:0:0:0:1 - - [31/Jul/2018:16:29:46 +0900] "GET /pug/play HTTP/1.1" 200 897
0:0:0:0:0:0:0:1 - - [31/Jul/2018:16:29:46 +0900] "GET /photo/mogura.png HTTP/1.1" 200 57703
0:0:0:0:0:0:0:1 - - [31/Jul/2018:16:29:46 +0900] "GET /CSS/pugratataki.css HTTP/1.1" 200 543
0:0:0:0:0:0:0:1 - - [31/Jul/2018:16:29:46 +0900] "GET /JS/pugratataki.js HTTP/1.1" 200 4986
0:0:0:0:0:0:0:1 - - [31/Jul/2018:16:29:49 +0900] "GET /pug/play HTTP/1.1" 200 897
0:0:0:0:0:0:0:1 - - [31/Jul/2018:16:29:49 +0900] "GET /CSS/pugratataki.css HTTP/1.1" 200 543
0:0:0:0:0:0:0:1 - - [31/Jul/2018:16:29:49 +0900] "GET /JS/pugratataki.js HTTP/1.1" 200 4986
0:0:0:0:0:0:0:1 - - [31/Jul/2018:16:29:49 +0900] "GET /photo/mogura.png HTTP/1.1" 200 57703
0:0:0:0:0:0:0:1 - - [31/Jul/2018:16:29:51 +0900] "GET /pug/play HTTP/1.1" 200 897
0:0:0:0:0:0:0:1 - - [31/Jul/2018:16:29:51 +0900] "GET /CSS/pugratataki.css HTTP/1.1" 200 543
0:0:0:0:0:0:0:1 - - [31/Jul/2018:16:29:51 +0900] "GET /JS/pugratataki.js HTTP/1.1" 200 4986
0:0:0:0:0:0:0:1 - - [31/Jul/2018:16:29:51 +0900] "GET /photo/mogura.png HTTP/1.1" 200 57703
0:0:0:0:0:0:0:1 - - [31/Jul/2018:16:29:54 +0900] "GET /photo/goma.JPG HTTP/1.1" 200 78942
0:0:0:0:0:0:0:1 - - [31/Jul/2018:16:29:55 +0900] "GET /photo/furenti.png HTTP/1.1" 200 69058
0:0:0:0:0:0:0:1 - - [31/Jul/2018:16:30:05 +0900] "POST /addrank HTTP/1.1" 200 98
0:0:0:0:0:0:0:1 - - [31/Jul/2018:16:30:07 +0900] "GET / HTTP/1.1" 200 3337
0:0:0:0:0:0:0:1 - - [31/Jul/2018:16:30:07 +0900] "GET /photo/pugdispray.jpg HTTP/1.1" 200 29837
0:0:0:0:0:0:0:1 - - [31/Jul/2018:16:30:07 +0900] "GET /photo/accdispray.jpg HTTP/1.1" 200 19993
0:0:0:0:0:0:0:1 - - [31/Jul/2018:16:30:35 +0900] "GET /pug/play HTTP/1.1" 200 897
0:0:0:0:0:0:0:1 - - [31/Jul/2018:16:30:35 +0900] "GET /JS/pugratataki.js HTTP/1.1" 200 4986
0:0:0:0:0:0:0:1 - - [31/Jul/2018:16:30:35 +0900] "GET /CSS/pugratataki.css HTTP/1.1" 200 543
0:0:0:0:0:0:0:1 - - [31/Jul/2018:16:30:35 +0900] "GET /photo/mogura.png HTTP/1.1" 200 57703
0:0:0:0:0:0:0:1 - - [31/Jul/2018:16:30:39 +0900] "GET /photo/goma.JPG HTTP/1.1" 200 78942
0:0:0:0:0:0:0:1 - - [31/Jul/2018:16:30:40 +0900] "GET /photo/furenti.png HTTP/1.1" 200 69058
0:0:0:0:0:0:0:1 - - [31/Jul/2018:16:30:47 +0900] "POST /addrank HTTP/1.1" 200 96
0:0:0:0:0:0:0:1 - - [31/Jul/2018:16:30:50 +0900] "GET / HTTP/1.1" 200 3337
0:0:0:0:0:0:0:1 - - [31/Jul/2018:16:30:50 +0900] "GET /photo/pugdispray.jpg HTTP/1.1" 200 29837
0:0:0:0:0:0:0:1 - - [31/Jul/2018:16:30:50 +0900] "GET /photo/accdispray.jpg HTTP/1.1" 200 19993
0:0:0:0:0:0:0:1 - - [31/Jul/2018:16:33:46 +0900] "GET / HTTP/1.1" 200 3337
0:0:0:0:0:0:0:1 - - [31/Jul/2018:16:33:46 +0900] "GET /photo/pugdispray.jpg HTTP/1.1" 200 29837
0:0:0:0:0:0:0:1 - - [31/Jul/2018:16:33:46 +0900] "GET /photo/accdispray.jpg HTTP/1.1" 200 19993
0:0:0:0:0:0:0:1 - - [31/Jul/2018:16:33:49 +0900] "GET / HTTP/1.1" 200 3337
0:0:0:0:0:0:0:1 - - [31/Jul/2018:16:33:49 +0900] "GET /photo/accdispray.jpg HTTP/1.1" 200 19993
0:0:0:0:0:0:0:1 - - [31/Jul/2018:16:33:49 +0900] "GET /photo/pugdispray.jpg HTTP/1.1" 200 29837
0:0:0:0:0:0:0:1 - - [31/Jul/2018:16:33:51 +0900] "GET /pug/play HTTP/1.1" 200 897
0:0:0:0:0:0:0:1 - - [31/Jul/2018:16:33:51 +0900] "GET /CSS/pugratataki.css HTTP/1.1" 200 543
0:0:0:0:0:0:0:1 - - [31/Jul/2018:16:33:51 +0900] "GET /JS/pugratataki.js HTTP/1.1" 200 4986
0:0:0:0:0:0:0:1 - - [31/Jul/2018:16:33:51 +0900] "GET /photo/mogura.png HTTP/1.1" 200 57703
0:0:0:0:0:0:0:1 - - [31/Jul/2018:16:33:54 +0900] "GET /photo/goma.JPG HTTP/1.1" 200 78942
0:0:0:0:0:0:0:1 - - [31/Jul/2018:16:33:55 +0900] "GET /photo/mogura.png HTTP/1.1" 200 57703
0:0:0:0:0:0:0:1 - - [31/Jul/2018:16:34:03 +0900] "POST /addrank HTTP/1.1" 200 97
0:0:0:0:0:0:0:1 - - [31/Jul/2018:16:34:05 +0900] "GET / HTTP/1.1" 200 3337
0:0:0:0:0:0:0:1 - - [31/Jul/2018:16:34:05 +0900] "GET /photo/accdispray.jpg HTTP/1.1" 200 19993
0:0:0:0:0:0:0:1 - - [31/Jul/2018:16:34:05 +0900] "GET /photo/pugdispray.jpg HTTP/1.1" 200 29837
0:0:0:0:0:0:0:1 - - [31/Jul/2018:16:37:33 +0900] "GET / HTTP/1.1" 200 3337
0:0:0:0:0:0:0:1 - - [31/Jul/2018:16:37:33 +0900] "GET /photo/accdispray.jpg HTTP/1.1" 200 19993
0:0:0:0:0:0:0:1 - - [31/Jul/2018:16:37:33 +0900] "GET /photo/pugdispray.jpg HTTP/1.1" 200 29837
0:0:0:0:0:0:0:1 - - [31/Jul/2018:16:37:34 +0900] "GET /pug/play HTTP/1.1" 200 897
0:0:0:0:0:0:0:1 - - [31/Jul/2018:16:37:34 +0900] "GET /CSS/pugratataki.css HTTP/1.1" 200 543
0:0:0:0:0:0:0:1 - - [31/Jul/2018:16:37:34 +0900] "GET /photo/mogura.png HTTP/1.1" 200 57703
0:0:0:0:0:0:0:1 - - [31/Jul/2018:16:37:34 +0900] "GET /JS/pugratataki.js HTTP/1.1" 200 4986
0:0:0:0:0:0:0:1 - - [31/Jul/2018:16:37:37 +0900] "GET /photo/goma.JPG HTTP/1.1" 200 78942
0:0:0:0:0:0:0:1 - - [31/Jul/2018:16:37:38 +0900] "GET /photo/furenti.png HTTP/1.1" 200 69058
0:0:0:0:0:0:0:1 - - [31/Jul/2018:16:37:48 +0900] "POST /addrank HTTP/1.1" 200 98
0:0:0:0:0:0:0:1 - - [31/Jul/2018:16:37:49 +0900] "GET / HTTP/1.1" 200 3337
0:0:0:0:0:0:0:1 - - [31/Jul/2018:16:37:50 +0900] "GET /photo/pugdispray.jpg HTTP/1.1" 200 29837
0:0:0:0:0:0:0:1 - - [31/Jul/2018:16:37:50 +0900] "GET /photo/accdispray.jpg HTTP/1.1" 200 19993
0:0:0:0:0:0:0:1 - - [31/Jul/2018:16:41:23 +0900] "GET / HTTP/1.1" 200 3337
0:0:0:0:0:0:0:1 - - [31/Jul/2018:16:41:23 +0900] "GET /photo/pugdispray.jpg HTTP/1.1" 200 29837
0:0:0:0:0:0:0:1 - - [31/Jul/2018:16:41:23 +0900] "GET /photo/accdispray.jpg HTTP/1.1" 200 19993
0:0:0:0:0:0:0:1 - - [31/Jul/2018:16:41:25 +0900] "GET /pug/play HTTP/1.1" 200 897
0:0:0:0:0:0:0:1 - - [31/Jul/2018:16:41:25 +0900] "GET /CSS/pugratataki.css HTTP/1.1" 200 543
0:0:0:0:0:0:0:1 - - [31/Jul/2018:16:41:25 +0900] "GET /JS/pugratataki.js HTTP/1.1" 200 4986
0:0:0:0:0:0:0:1 - - [31/Jul/2018:16:41:25 +0900] "GET /photo/mogura.png HTTP/1.1" 200 57703
0:0:0:0:0:0:0:1 - - [31/Jul/2018:16:41:29 +0900] "GET /photo/goma.JPG HTTP/1.1" 200 78942
0:0:0:0:0:0:0:1 - - [31/Jul/2018:16:41:38 +0900] "POST /addrank HTTP/1.1" 200 95
0:0:0:0:0:0:0:1 - - [31/Jul/2018:16:41:39 +0900] "GET / HTTP/1.1" 200 3337
0:0:0:0:0:0:0:1 - - [31/Jul/2018:16:41:39 +0900] "GET /photo/pugdispray.jpg HTTP/1.1" 200 29837
0:0:0:0:0:0:0:1 - - [31/Jul/2018:16:41:39 +0900] "GET /photo/accdispray.jpg HTTP/1.1" 200 19993
0:0:0:0:0:0:0:1 - - [31/Jul/2018:19:53:22 +0900] "GET / HTTP/1.1" 200 3337
0:0:0:0:0:0:0:1 - - [31/Jul/2018:19:53:22 +0900] "GET /photo/pugdispray.jpg HTTP/1.1" 200 29837
0:0:0:0:0:0:0:1 - - [31/Jul/2018:19:53:22 +0900] "GET /photo/accdispray.jpg HTTP/1.1" 200 19993
0:0:0:0:0:0:0:1 - - [31/Jul/2018:19:53:25 +0900] "GET /pug/play HTTP/1.1" 200 897
0:0:0:0:0:0:0:1 - - [31/Jul/2018:19:53:25 +0900] "GET /CSS/pugratataki.css HTTP/1.1" 200 543
0:0:0:0:0:0:0:1 - - [31/Jul/2018:19:53:25 +0900] "GET /JS/pugratataki.js HTTP/1.1" 200 4899
0:0:0:0:0:0:0:1 - - [31/Jul/2018:19:53:25 +0900] "GET /photo/mogura.png HTTP/1.1" 200 57703
0:0:0:0:0:0:0:1 - - [31/Jul/2018:19:54:20 +0900] "GET /pug/play HTTP/1.1" 200 897
0:0:0:0:0:0:0:1 - - [31/Jul/2018:19:54:20 +0900] "GET /JS/pugratataki.js HTTP/1.1" 304 -
0:0:0:0:0:0:0:1 - - [31/Jul/2018:19:57:48 +0900] "GET /pug/play HTTP/1.1" 200 897
0:0:0:0:0:0:0:1 - - [31/Jul/2018:19:57:48 +0900] "GET /JS/pugratataki.js HTTP/1.1" 200 4894
0:0:0:0:0:0:0:1 - - [31/Jul/2018:19:57:48 +0900] "GET /CSS/pugratataki.css HTTP/1.1" 200 543
0:0:0:0:0:0:0:1 - - [31/Jul/2018:19:57:48 +0900] "GET /photo/mogura.png HTTP/1.1" 200 57703
0:0:0:0:0:0:0:1 - - [31/Jul/2018:19:57:51 +0900] "GET / HTTP/1.1" 200 3337
0:0:0:0:0:0:0:1 - - [31/Jul/2018:19:57:51 +0900] "GET /photo/accdispray.jpg HTTP/1.1" 200 19993
0:0:0:0:0:0:0:1 - - [31/Jul/2018:19:57:51 +0900] "GET /photo/pugdispray.jpg HTTP/1.1" 200 29837
0:0:0:0:0:0:0:1 - - [31/Jul/2018:19:57:53 +0900] "GET /pug/play HTTP/1.1" 200 897
0:0:0:0:0:0:0:1 - - [31/Jul/2018:19:57:53 +0900] "GET /CSS/pugratataki.css HTTP/1.1" 200 543
0:0:0:0:0:0:0:1 - - [31/Jul/2018:19:57:53 +0900] "GET /JS/pugratataki.js HTTP/1.1" 200 4894
0:0:0:0:0:0:0:1 - - [31/Jul/2018:19:57:53 +0900] "GET /photo/mogura.png HTTP/1.1" 200 57703
0:0:0:0:0:0:0:1 - - [31/Jul/2018:19:57:56 +0900] "GET / HTTP/1.1" 200 3337
0:0:0:0:0:0:0:1 - - [31/Jul/2018:19:57:56 +0900] "GET /photo/accdispray.jpg HTTP/1.1" 200 19993
0:0:0:0:0:0:0:1 - - [31/Jul/2018:19:57:56 +0900] "GET /photo/pugdispray.jpg HTTP/1.1" 200 29837
0:0:0:0:0:0:0:1 - - [31/Jul/2018:19:57:57 +0900] "GET /pug/play HTTP/1.1" 200 897
0:0:0:0:0:0:0:1 - - [31/Jul/2018:19:57:57 +0900] "GET /JS/pugratataki.js HTTP/1.1" 200 4894
0:0:0:0:0:0:0:1 - - [31/Jul/2018:19:57:57 +0900] "GET /photo/mogura.png HTTP/1.1" 200 57703
0:0:0:0:0:0:0:1 - - [31/Jul/2018:19:57:57 +0900] "GET /CSS/pugratataki.css HTTP/1.1" 200 543
0:0:0:0:0:0:0:1 - - [31/Jul/2018:19:58:02 +0900] "GET / HTTP/1.1" 200 3337
0:0:0:0:0:0:0:1 - - [31/Jul/2018:19:58:02 +0900] "GET /photo/pugdispray.jpg HTTP/1.1" 200 29837
0:0:0:0:0:0:0:1 - - [31/Jul/2018:19:58:02 +0900] "GET /photo/accdispray.jpg HTTP/1.1" 200 19993
0:0:0:0:0:0:0:1 - - [31/Jul/2018:19:58:04 +0900] "GET /pug/play HTTP/1.1" 200 897
0:0:0:0:0:0:0:1 - - [31/Jul/2018:19:58:04 +0900] "GET /JS/pugratataki.js HTTP/1.1" 200 4894
0:0:0:0:0:0:0:1 - - [31/Jul/2018:19:58:04 +0900] "GET /CSS/pugratataki.css HTTP/1.1" 200 543
0:0:0:0:0:0:0:1 - - [31/Jul/2018:19:58:04 +0900] "GET /photo/mogura.png HTTP/1.1" 200 57703
0:0:0:0:0:0:0:1 - - [31/Jul/2018:19:58:11 +0900] "GET /pug/play HTTP/1.1" 200 897
0:0:0:0:0:0:0:1 - - [31/Jul/2018:19:58:11 +0900] "GET /photo/mogura.png HTTP/1.1" 200 57703
0:0:0:0:0:0:0:1 - - [31/Jul/2018:19:58:11 +0900] "GET /JS/pugratataki.js HTTP/1.1" 200 4894
0:0:0:0:0:0:0:1 - - [31/Jul/2018:19:58:11 +0900] "GET /CSS/pugratataki.css HTTP/1.1" 200 543
0:0:0:0:0:0:0:1 - - [31/Jul/2018:19:58:13 +0900] "GET /pug/play HTTP/1.1" 200 897
0:0:0:0:0:0:0:1 - - [31/Jul/2018:19:58:13 +0900] "GET /JS/pugratataki.js HTTP/1.1" 200 4894
0:0:0:0:0:0:0:1 - - [31/Jul/2018:19:58:13 +0900] "GET /photo/mogura.png HTTP/1.1" 200 57703
0:0:0:0:0:0:0:1 - - [31/Jul/2018:19:58:13 +0900] "GET /CSS/pugratataki.css HTTP/1.1" 200 543
0:0:0:0:0:0:0:1 - - [31/Jul/2018:19:58:14 +0900] "GET /pug/play HTTP/1.1" 200 897
0:0:0:0:0:0:0:1 - - [31/Jul/2018:19:58:14 +0900] "GET /CSS/pugratataki.css HTTP/1.1" 200 543
0:0:0:0:0:0:0:1 - - [31/Jul/2018:19:58:14 +0900] "GET /photo/mogura.png HTTP/1.1" 200 57703
0:0:0:0:0:0:0:1 - - [31/Jul/2018:19:58:14 +0900] "GET /JS/pugratataki.js HTTP/1.1" 200 4894
0:0:0:0:0:0:0:1 - - [31/Jul/2018:19:58:14 +0900] "GET /pug/play HTTP/1.1" 200 897
0:0:0:0:0:0:0:1 - - [31/Jul/2018:19:58:14 +0900] "GET /JS/pugratataki.js HTTP/1.1" 200 4894
0:0:0:0:0:0:0:1 - - [31/Jul/2018:19:58:14 +0900] "GET /photo/mogura.png HTTP/1.1" 200 57703
0:0:0:0:0:0:0:1 - - [31/Jul/2018:19:58:14 +0900] "GET /CSS/pugratataki.css HTTP/1.1" 200 543
0:0:0:0:0:0:0:1 - - [31/Jul/2018:19:58:15 +0900] "GET /pug/play HTTP/1.1" 200 897
0:0:0:0:0:0:0:1 - - [31/Jul/2018:19:58:15 +0900] "GET /CSS/pugratataki.css HTTP/1.1" 200 543
0:0:0:0:0:0:0:1 - - [31/Jul/2018:19:58:15 +0900] "GET /JS/pugratataki.js HTTP/1.1" 200 4894
0:0:0:0:0:0:0:1 - - [31/Jul/2018:19:58:15 +0900] "GET /photo/mogura.png HTTP/1.1" 200 57703
0:0:0:0:0:0:0:1 - - [31/Jul/2018:20:02:12 +0900] "GET /pug/play HTTP/1.1" 200 897
0:0:0:0:0:0:0:1 - - [31/Jul/2018:20:02:12 +0900] "GET /JS/pugratataki.js HTTP/1.1" 200 4894
0:0:0:0:0:0:0:1 - - [31/Jul/2018:20:02:12 +0900] "GET /CSS/pugratataki.css HTTP/1.1" 200 543
0:0:0:0:0:0:0:1 - - [31/Jul/2018:20:02:12 +0900] "GET /photo/mogura.png HTTP/1.1" 200 57703
0:0:0:0:0:0:0:1 - - [31/Jul/2018:20:02:13 +0900] "GET /pug/play HTTP/1.1" 200 897
0:0:0:0:0:0:0:1 - - [31/Jul/2018:20:02:13 +0900] "GET /JS/pugratataki.js HTTP/1.1" 200 4894
0:0:0:0:0:0:0:1 - - [31/Jul/2018:20:02:13 +0900] "GET /photo/mogura.png HTTP/1.1" 200 57703
0:0:0:0:0:0:0:1 - - [31/Jul/2018:20:02:13 +0900] "GET /CSS/pugratataki.css HTTP/1.1" 200 543
0:0:0:0:0:0:0:1 - - [31/Jul/2018:20:02:13 +0900] "GET /pug/play HTTP/1.1" 200 897
0:0:0:0:0:0:0:1 - - [31/Jul/2018:20:02:13 +0900] "GET /CSS/pugratataki.css HTTP/1.1" 200 543
0:0:0:0:0:0:0:1 - - [31/Jul/2018:20:02:14 +0900] "GET /photo/mogura.png HTTP/1.1" 200 57703
0:0:0:0:0:0:0:1 - - [31/Jul/2018:20:02:14 +0900] "GET /JS/pugratataki.js HTTP/1.1" 200 4894
0:0:0:0:0:0:0:1 - - [31/Jul/2018:20:02:14 +0900] "GET /pug/play HTTP/1.1" 200 897
0:0:0:0:0:0:0:1 - - [31/Jul/2018:20:02:14 +0900] "GET /JS/pugratataki.js HTTP/1.1" 200 4894
0:0:0:0:0:0:0:1 - - [31/Jul/2018:20:02:14 +0900] "GET /CSS/pugratataki.css HTTP/1.1" 200 543
0:0:0:0:0:0:0:1 - - [31/Jul/2018:20:02:14 +0900] "GET /photo/mogura.png HTTP/1.1" 200 57703
0:0:0:0:0:0:0:1 - - [31/Jul/2018:20:02:15 +0900] "GET /pug/play HTTP/1.1" 200 897
0:0:0:0:0:0:0:1 - - [31/Jul/2018:20:02:15 +0900] "GET /CSS/pugratataki.css HTTP/1.1" 200 543
0:0:0:0:0:0:0:1 - - [31/Jul/2018:20:02:15 +0900] "GET /photo/mogura.png HTTP/1.1" 200 57703
0:0:0:0:0:0:0:1 - - [31/Jul/2018:20:02:15 +0900] "GET /JS/pugratataki.js HTTP/1.1" 200 4894
0:0:0:0:0:0:0:1 - - [31/Jul/2018:20:03:03 +0900] "GET /pug/play HTTP/1.1" 200 897
0:0:0:0:0:0:0:1 - - [31/Jul/2018:20:03:03 +0900] "GET /CSS/pugratataki.css HTTP/1.1" 200 543
0:0:0:0:0:0:0:1 - - [31/Jul/2018:20:03:03 +0900] "GET /JS/pugratataki.js HTTP/1.1" 200 4986
0:0:0:0:0:0:0:1 - - [31/Jul/2018:20:03:03 +0900] "GET /photo/mogura.png HTTP/1.1" 200 57703
0:0:0:0:0:0:0:1 - - [31/Jul/2018:20:03:07 +0900] "GET /photo/furenti.png HTTP/1.1" 200 69058
0:0:0:0:0:0:0:1 - - [31/Jul/2018:20:03:16 +0900] "GET /photo/mogura.png HTTP/1.1" 200 57703
0:0:0:0:0:0:0:1 - - [31/Jul/2018:20:03:18 +0900] "GET /photo/furenti.png HTTP/1.1" 200 69058
0:0:0:0:0:0:0:1 - - [31/Jul/2018:20:03:32 +0900] "GET /photo/mogura.png HTTP/1.1" 200 57703
0:0:0:0:0:0:0:1 - - [31/Jul/2018:20:03:34 +0900] "GET /photo/furenti.png HTTP/1.1" 200 69058
0:0:0:0:0:0:0:1 - - [31/Jul/2018:20:03:46 +0900] "GET /photo/mogura.png HTTP/1.1" 200 57703
0:0:0:0:0:0:0:1 - - [31/Jul/2018:20:03:48 +0900] "GET /photo/furenti.png HTTP/1.1" 200 69058
0:0:0:0:0:0:0:1 - - [31/Jul/2018:20:03:58 +0900] "GET /photo/furenti.png HTTP/1.1" 200 69058
0:0:0:0:0:0:0:1 - - [31/Jul/2018:20:06:12 +0900] "GET /photo/mogura.png HTTP/1.1" 200 57703
0:0:0:0:0:0:0:1 - - [31/Jul/2018:20:06:12 +0900] "GET /pug/play HTTP/1.1" 200 897
0:0:0:0:0:0:0:1 - - [31/Jul/2018:20:06:12 +0900] "GET /CSS/pugratataki.css HTTP/1.1" 200 543
0:0:0:0:0:0:0:1 - - [31/Jul/2018:20:06:12 +0900] "GET /photo/mogura.png HTTP/1.1" 200 57703
0:0:0:0:0:0:0:1 - - [31/Jul/2018:20:06:12 +0900] "GET /JS/pugratataki.js HTTP/1.1" 200 4951
0:0:0:0:0:0:0:1 - - [31/Jul/2018:20:06:22 +0900] "POST /addrank HTTP/1.1" 200 92
0:0:0:0:0:0:0:1 - - [31/Jul/2018:20:07:42 +0900] "GET /pug/play HTTP/1.1" 200 897
0:0:0:0:0:0:0:1 - - [31/Jul/2018:20:07:42 +0900] "GET /CSS/pugratataki.css HTTP/1.1" 200 543
0:0:0:0:0:0:0:1 - - [31/Jul/2018:20:07:42 +0900] "GET /JS/pugratataki.js HTTP/1.1" 200 4951
0:0:0:0:0:0:0:1 - - [31/Jul/2018:20:07:42 +0900] "GET /photo/mogura.png HTTP/1.1" 200 57703
0:0:0:0:0:0:0:1 - - [31/Jul/2018:20:07:46 +0900] "GET /photo/furenti.png HTTP/1.1" 200 69058
0:0:0:0:0:0:0:1 - - [31/Jul/2018:20:07:51 +0900] "POST /addrank HTTP/1.1" 200 101
0:0:0:0:0:0:0:1 - - [31/Jul/2018:20:08:03 +0900] "GET /pug/play HTTP/1.1" 200 897
0:0:0:0:0:0:0:1 - - [31/Jul/2018:20:08:03 +0900] "GET /CSS/pugratataki.css HTTP/1.1" 200 543
0:0:0:0:0:0:0:1 - - [31/Jul/2018:20:08:03 +0900] "GET /JS/pugratataki.js HTTP/1.1" 200 4951
0:0:0:0:0:0:0:1 - - [31/Jul/2018:20:08:03 +0900] "GET /photo/mogura.png HTTP/1.1" 200 57703
0:0:0:0:0:0:0:1 - - [31/Jul/2018:20:08:07 +0900] "GET /photo/furenti.png HTTP/1.1" 200 69058
0:0:0:0:0:0:0:1 - - [31/Jul/2018:20:08:14 +0900] "POST /addrank HTTP/1.1" 200 107
0:0:0:0:0:0:0:1 - - [31/Jul/2018:20:09:02 +0900] "GET /pug/play HTTP/1.1" 200 897
0:0:0:0:0:0:0:1 - - [31/Jul/2018:20:09:02 +0900] "GET /JS/pugratataki.js HTTP/1.1" 200 4951
0:0:0:0:0:0:0:1 - - [31/Jul/2018:20:09:02 +0900] "GET /photo/mogura.png HTTP/1.1" 200 57703
0:0:0:0:0:0:0:1 - - [31/Jul/2018:20:09:02 +0900] "GET /CSS/pugratataki.css HTTP/1.1" 200 543
0:0:0:0:0:0:0:1 - - [31/Jul/2018:20:09:06 +0900] "GET /photo/furenti.png HTTP/1.1" 200 69058
0:0:0:0:0:0:0:1 - - [31/Jul/2018:20:09:11 +0900] "POST /addrank HTTP/1.1" 200 101
0:0:0:0:0:0:0:1 - - [31/Jul/2018:20:10:34 +0900] "GET /pug/play HTTP/1.1" 200 897
0:0:0:0:0:0:0:1 - - [31/Jul/2018:20:10:34 +0900] "GET /JS/pugratataki.js HTTP/1.1" 200 4951
0:0:0:0:0:0:0:1 - - [31/Jul/2018:20:10:34 +0900] "GET /CSS/pugratataki.css HTTP/1.1" 200 543
0:0:0:0:0:0:0:1 - - [31/Jul/2018:20:10:34 +0900] "GET /photo/mogura.png HTTP/1.1" 200 57703
0:0:0:0:0:0:0:1 - - [31/Jul/2018:20:10:44 +0900] "POST /addrank HTTP/1.1" 200 101
0:0:0:0:0:0:0:1 - - [31/Jul/2018:20:12:07 +0900] "GET /photo/furenti.png HTTP/1.1" 200 69058
0:0:0:0:0:0:0:1 - - [31/Jul/2018:20:12:08 +0900] "GET /pug/play HTTP/1.1" 200 897
0:0:0:0:0:0:0:1 - - [31/Jul/2018:20:12:08 +0900] "GET /CSS/pugratataki.css HTTP/1.1" 200 543
0:0:0:0:0:0:0:1 - - [31/Jul/2018:20:12:08 +0900] "GET /JS/pugratataki.js HTTP/1.1" 200 4951
0:0:0:0:0:0:0:1 - - [31/Jul/2018:20:12:08 +0900] "GET /photo/mogura.png HTTP/1.1" 200 57703
0:0:0:0:0:0:0:1 - - [31/Jul/2018:20:12:12 +0900] "GET /photo/furenti.png HTTP/1.1" 200 69058
0:0:0:0:0:0:0:1 - - [31/Jul/2018:20:12:17 +0900] "POST /addrank HTTP/1.1" 200 101
0:0:0:0:0:0:0:1 - - [31/Jul/2018:20:37:17 +0900] "GET / HTTP/1.1" 200 3337
